2024-08-23 09:11:18.042 - DBeaver 24.1.4.202408041450 is starting
2024-08-23 09:11:18.043 - OS: Windows 10 10.0 (amd64)
2024-08-23 09:11:18.043 - Java version: 17.0.6 by Eclipse Adoptium (64bit)
2024-08-23 09:11:18.043 - Install path: 'C:\Program Files\DBeaver'
2024-08-23 09:11:18.043 - Instance path: 'file:/C:/workspace/06_DB/'
2024-08-23 09:11:18.044 - Memory available 64Mb/1024Mb
2024-08-23 09:11:18.054 - Create display
> Start DevStyle Theming - Webicons [com.genuitec.eclipse.webicons 2024.2.0.202406171634]
> Start JFace [org.eclipse.jface 3.34.0.v20240502-1134]
2024-08-23 09:11:18.473 - Initialize desktop platform...
2024-08-23 09:11:18.602 - BounceCastle bundle found. Use JCE provider BC
> Start Core File Systems [org.eclipse.core.filesystem 1.10.400.v20240426-1040]
> Start Text Editor Framework [org.eclipse.ui.workbench.texteditor 3.17.400.v20240524-2010]
> Start Client [com.genuitec.eclipse.codetogether.ui.client 2024.3.1.202407230323]
> Start Workspace [com.genuitec.eclipse.startup.workspace 2024.2.0.202406171634]
> Start Webclipse Common Core Platform Utilities [com.genuitec.eclipse.core.common.platform 2024.2.0.202406171634]
> Start Webclipse Common Core Platform Utilities [com.genuitec.eclipse.ui.common.platform 2024.2.0.202406171634]
> Start DevStyle Theming - Color Theme API [com.genuitec.eclipsecolortheme.api 2024.2.0.202406171634]
> Start Evergreen Updates [com.genuitec.eclipse.webclipse.evergreen 2024.2.0.202406171634]
> Start Core Resource Management [org.eclipse.core.resources 3.20.200.v20240513-1323]
> Start Team Support Core [org.eclipse.team.core 3.10.400.v20240413-1529]
> Start DBeaver UI Navigator [org.jkiss.dbeaver.ui.navigator 1.0.136.202408041450]
2024-08-23 09:11:26.176 - Initialize base platform...
2024-08-23 09:11:26.196 - Platform initialized (7723ms)
> Start DBeaver UI Editors - Base [org.jkiss.dbeaver.ui.editors.base 1.0.136.202408041450]
2024-08-23 09:11:26.233 - Starting instance server at http://localhost:55399
2024-08-23 09:11:26.248 - Run workbench
> Start Eclipse e4 Workbench SWT [org.eclipse.e4.ui.workbench.swt 0.17.400.v20240425-0840]
> Start Eclipse Application Services [org.eclipse.e4.core.services 2.4.400.v20240413-1529]
> Start Eclipse UI Application Services [org.eclipse.e4.ui.services 1.6.300.v20231201-1637]
> Start Eclipse e4 Progress View [org.eclipse.e4.ui.progress 0.4.400.v20240424-0956]
> Start Eclipse Bindings Support [org.eclipse.e4.ui.bindings 0.14.400.v20240321-1245]
> Start Eclipse e4 core commands [org.eclipse.e4.core.commands 1.1.400.v20240424-0444]
WARNING: Annotation classes from the 'javax.inject' or 'javax.annotation' package found.
It is recommended to migrate to the corresponding replacements in the jakarta namespace.
The Eclipse E4 Platform will remove support for those javax-annotations in a future release.
To suppress this warning, set the VM property: -Declipse.e4.inject.javax.warning=false
To disable processing of 'javax' annotations entirely, set the VM property: -Declipse.e4.inject.javax.disabled=true

> Start EMF XML/XMI Persistence [org.eclipse.emf.ecore.xmi 2.37.0.v20231208-1346]
> Start Eclipse CSS SWT Theme Support [org.eclipse.e4.ui.css.swt.theme 0.14.400.v20240424-0956]
> Start Eclipse e4 Workbench Add-ons [org.eclipse.e4.ui.workbench.addons.swt 1.5.400.v20240416-0658]
> Start Eclipse e4 Workbench SWT Renderer [org.eclipse.e4.ui.workbench.renderers.swt 0.16.400.v20240418-1547]
> Start Eclipse Dependency Injection Extensions [org.eclipse.e4.core.di.extensions 0.18.300.v20240413-1529]
> Start Eclipse CSS SWT Support [org.eclipse.e4.ui.css.swt 0.15.400.v20240321-1245]
> Start Startup [com.genuitec.eclipse.startup 2024.2.0.202406171634]
> Start DevStyle Theming - Scrollbar [com.genuitec.eclipse.theming.scrollbar 2024.2.0.202406171634]
> Start GEF Classic Draw2d [org.eclipse.draw2d 3.16.0.202405290843]
> Start DevStyle Theming - Base [com.genuitec.eclipse.theming.base 2024.2.0.202406171634]
> Start DevStyle Theming - UI [com.genuitec.eclipse.theming.ui 2024.2.0.202406171634]
> Start Default Text Editor [org.eclipse.ui.editors 3.17.300.v20240524-2010]
2024-08-23 09:11:27.977 - Configure workbench window
> Start DBeaver SQL Model [org.jkiss.dbeaver.model.sql 1.0.126.202408041450]
2024-08-23 09:11:28.068 - Total database drivers: 119 (119)
> Start Help System Core [org.eclipse.help 3.10.400.v20240415-0528]
2024-08-23 09:11:28.142 - Create actions
2024-08-23 09:11:28.147 - Disable Eclipse action set 'org.eclipse.ui.edit.text.actionSet.annotationNavigation'
2024-08-23 09:11:28.148 - Disable Eclipse action set 'org.eclipse.ui.WorkingSetActionSet'
2024-08-23 09:11:28.148 - Disable Eclipse action set 'org.eclipse.ui.actionSet.openFiles'
2024-08-23 09:11:28.148 - Create workbench actions
> Start Enhanced Explorer JDT Support [com.genuitec.eclipse.meexplorer.jdt 2024.2.0.202406171634]
> Start Enhanced Explorer [com.genuitec.eclipse.meexplorer 2024.2.0.202406171634]
> Start Common Navigator View [org.eclipse.ui.navigator 3.12.400.v20240424-0956]
> Start Eclipse Compiler for Java(TM) [org.eclipse.jdt.core.compiler.batch 3.38.0.v20240524-2033]
> Start Java Development Tools Core [org.eclipse.jdt.core 3.38.0.v20240528-0618]
> Start Java Code Manipulation Functionality [org.eclipse.jdt.core.manipulation 1.21.100.v20240524-2038]
> Start Java Development Tools UI [org.eclipse.jdt.ui 3.32.100.v20240524-2038]
2024-08-23 09:11:28.770 - Initialize workbench window
2024-08-23 09:11:28.773 - Finish initialization
> Start DBeaver UI Editors - Data [org.jkiss.dbeaver.ui.editors.data 1.0.136.202408041450]
Warning: NLS unused message: actions_navigator__objects in: org.jkiss.dbeaver.ui.editors.sql.internal.SQLEditorMessages
> Start DBeaver UI Editors - SQL [org.jkiss.dbeaver.ui.editors.sql 1.0.136.202408041450]
> Start DBeaver SQL Terminal [org.jkiss.dbeaver.ui.editors.sql.terminal 1.0.112.202408041450]
> Start Internet Connection Management UI [org.eclipse.ui.net 1.5.400.v20240413-1529]
> Start JGit SSH support based on Apache MINA sshd [org.eclipse.jgit.ssh.apache 6.10.0.202406032230-r]
> Start JGit Apache httpclient based HTTP support [org.eclipse.jgit.http.apache 6.10.0.202406032230-r]
> Start JSch Core [org.eclipse.jsch.core 1.5.400.v20240413-1649]
> Start Internet Connection Management [org.eclipse.core.net 1.5.400.v20240413-1529]
> Start CodeTogether UI [com.genuitec.eclipse.codetogether.ui 2024.3.1.202407230323]
> Start Debug Core [org.eclipse.debug.core 3.21.400.v20240415-0528]
> Start Debug UI [org.eclipse.debug.ui 3.18.400.v20240516-0857]
> Start Core Compare Support [org.eclipse.compare.core 3.8.500.v20240524-2010]
> Start Browser Support [org.eclipse.ui.browser 3.8.300.v20240524-2010]
> Start CodeTogether Core [com.genuitec.eclipse.codetogether.core 2024.3.1.202407230323]
> Start Equinox Provisioning Core [org.eclipse.equinox.p2.core 2.12.0.v20240515-1919]
> Start Equinox Provisioning Engine [org.eclipse.equinox.p2.engine 2.10.200.v20240425-1316]
> Start Equinox Provisioning Metadata [org.eclipse.equinox.p2.metadata 2.9.100.v20240416-0654]
> Start Equinox Provisioning Metadata Repository [org.eclipse.equinox.p2.metadata.repository 1.5.400.v20240515-1919]
> Start Equinox Provisioning Repository [org.eclipse.equinox.p2.repository 2.9.100.v20240511-1722]
> Start DBeaver Sample Database [org.jkiss.dbeaver.ext.sample.database 1.0.173.202408041450]
> Start DBeaver Tip of the day [org.jkiss.dbeaver.ext.ui.tipoftheday 1.0.142.202408041450]
> Start Language Server Protocol client for CodeTogether [com.genuitec.eclipse.lsp4e 2024.3.1.202407230323]
> Start Equinox Provisioning UI Support [org.eclipse.equinox.p2.ui 2.8.400.v20240511-1722]
> Start Equinox Provisioning Operations API [org.eclipse.equinox.p2.operations 2.7.400.v20240425-0751]
> Start Equinox Provisioning Platform Update Support [org.eclipse.equinox.p2.ui.sdk 1.3.300.v20240207-1113]
> Start GEF Classic GEF (MVC) [org.eclipse.gef 3.18.0.202405290843]
> Start DBeaver ERD UI [org.jkiss.dbeaver.erd.ui 3.0.96.202408041450]
> Start DBeaver ERD Model [org.jkiss.dbeaver.erd.model 1.0.96.202408041450]
> Start DBeaver Dashboard UI [org.jkiss.dbeaver.ui.dashboard 1.0.133.202408041450]
> Start DBeaver Dashboards Model [org.jkiss.dbeaver.model.dashboard 1.0.9.202408041450]
> Start DBeaver JDBC Model [org.jkiss.dbeaver.model.jdbc 1.0.29.202408041450]
> Start DBeaver Oracle Model [org.jkiss.dbeaver.ext.oracle 2.1.221.202408041450]
8월 23, 2024 9:11:30 오전 org.glassfish.grizzly.http.server.NetworkListener start
정보: Started listener bound to [localhost:1594]
8월 23, 2024 9:11:30 오전 org.glassfish.grizzly.http.server.HttpServer start
정보: [HttpServer] Started.
> Start DBeaver Tasks - Native Tools UI [org.jkiss.dbeaver.tasks.native.ui 1.0.114.202408041450]
> Start DBeaver Oracle UI [org.jkiss.dbeaver.ext.oracle.ui 1.0.123.202408041450]
> Start DBeaver Tasks - General UI [org.jkiss.dbeaver.tasks.ui 1.0.114.202408041450]
> Start DBeaver UI Editors - Connections [org.jkiss.dbeaver.ui.editors.connection 1.0.127.202408041450]
> Start Core Variables [org.eclipse.core.variables 3.6.400.v20240413-1529]
> Start Console [org.eclipse.ui.console 3.14.100.v20240429-1358]
2024-08-23 09:11:31.598 - Connect with 'KH_LHH(KH1234)' (oracle_thin-1914e877695-69289b1a262ae464)
2024-08-23 09:11:31.612 - Can't connect - connect/disconnect is in progress
2024-08-23 09:11:31.629 - Execution context opened (KH_LHH(KH1234); Main; 0)
2024-08-23 09:11:32.014 - Execution context opened (KH_LHH(KH1234); Metadata; 1)
> Start DBeaver SQL Language Semantic Model [org.jkiss.dbeaver.model.lsm 1.0.31.202408041450]
2024-08-23 09:11:32.115 - Connected (oracle_thin-1914e877695-69289b1a262ae464, Oracle JDBC driver [19.18.0.0.0])
2024-08-23 09:11:32.135 - Execution context opened (KH_LHH(KH1234); SQLEditor <08_DDL(CREATE).sql>; 2)
2024-08-23 09:11:33.107 - Open [https://dbeaver.io/product/version.xml]
> Start Refactoring Core [org.eclipse.ltk.core.refactoring 3.14.400.v20240321-1245]
2024-08-23 09:12:25.556 - Error while analyzing query text: SELECT * 
FROM USER_CONSTRAINTS C1
JOIN USER_CONS_COLUMNS C2 USING(CONSTRAINT_NAME)
WHERE C1.TABLE_NAME = 'DEPT_COPY'
java.lang.IllegalStateException: Symbol already classified
	at org.jkiss.dbeaver.model.sql.semantics.SQLQuerySymbol.setSymbolClass(SQLQuerySymbol.java:53)
	at org.jkiss.dbeaver.model.sql.semantics.SQLQuerySymbol.setDefinition(SQLQuerySymbol.java:78)
	at org.jkiss.dbeaver.model.sql.semantics.model.select.SQLQueryRowsNaturalJoinModel.propagateContextImpl(SQLQueryRowsNaturalJoinModel.java:99)
	at org.jkiss.dbeaver.model.sql.semantics.model.select.SQLQueryRowsSourceModel.propagateContext(SQLQueryRowsSourceModel.java:81)
	at org.jkiss.dbeaver.model.sql.semantics.model.select.SQLQueryRowsProjectionModel.propagateContextImpl(SQLQueryRowsProjectionModel.java:143)
	at org.jkiss.dbeaver.model.sql.semantics.model.select.SQLQueryRowsSourceModel.propagateContext(SQLQueryRowsSourceModel.java:81)
	at org.jkiss.dbeaver.model.sql.semantics.model.select.SQLQueryRowsSourceModel.applyContext(SQLQueryRowsSourceModel.java:69)
	at org.jkiss.dbeaver.model.sql.semantics.model.SQLQueryModel.propagateContext(SQLQueryModel.java:76)
	at org.jkiss.dbeaver.model.sql.semantics.SQLQueryModelRecognizer.recognizeQuery(SQLQueryModelRecognizer.java:147)
	at org.jkiss.dbeaver.model.sql.semantics.SQLQueryModelRecognizer.recognizeQuery(SQLQueryModelRecognizer.java:735)
	at org.jkiss.dbeaver.ui.editors.sql.semantics.SQLBackgroundParsingJob.doWork(SQLBackgroundParsingJob.java:542)
	at org.jkiss.dbeaver.ui.editors.sql.semantics.SQLBackgroundParsingJob$1.run(SQLBackgroundParsingJob.java:90)
	at org.jkiss.dbeaver.model.runtime.AbstractJob.run(AbstractJob.java:117)
	at org.eclipse.core.internal.jobs.Worker.run(Worker.java:63)
2024-08-23 09:12:25.563 - Error while analyzing query text: SELECT C1.TABLE_NAME, CONSTRAINT_NAME, CONSTRAINT_TYPE, SEARCH_CONDITION
FROM USER_CONSTRAINTS C1
JOIN USER_CONS_COLUMNS C2 USING(CONSTRAINT_NAME)
WHERE C1.TABLE_NAME = 'DEPT_COPY'
java.lang.IllegalStateException: Symbol already classified
	at org.jkiss.dbeaver.model.sql.semantics.SQLQuerySymbol.setSymbolClass(SQLQuerySymbol.java:53)
	at org.jkiss.dbeaver.model.sql.semantics.SQLQuerySymbol.setDefinition(SQLQuerySymbol.java:78)
	at org.jkiss.dbeaver.model.sql.semantics.model.select.SQLQueryRowsNaturalJoinModel.propagateContextImpl(SQLQueryRowsNaturalJoinModel.java:99)
	at org.jkiss.dbeaver.model.sql.semantics.model.select.SQLQueryRowsSourceModel.propagateContext(SQLQueryRowsSourceModel.java:81)
	at org.jkiss.dbeaver.model.sql.semantics.model.select.SQLQueryRowsProjectionModel.propagateContextImpl(SQLQueryRowsProjectionModel.java:143)
	at org.jkiss.dbeaver.model.sql.semantics.model.select.SQLQueryRowsSourceModel.propagateContext(SQLQueryRowsSourceModel.java:81)
	at org.jkiss.dbeaver.model.sql.semantics.model.select.SQLQueryRowsSourceModel.applyContext(SQLQueryRowsSourceModel.java:69)
	at org.jkiss.dbeaver.model.sql.semantics.model.SQLQueryModel.propagateContext(SQLQueryModel.java:76)
	at org.jkiss.dbeaver.model.sql.semantics.SQLQueryModelRecognizer.recognizeQuery(SQLQueryModelRecognizer.java:147)
	at org.jkiss.dbeaver.model.sql.semantics.SQLQueryModelRecognizer.recognizeQuery(SQLQueryModelRecognizer.java:735)
	at org.jkiss.dbeaver.ui.editors.sql.semantics.SQLBackgroundParsingJob.doWork(SQLBackgroundParsingJob.java:542)
	at org.jkiss.dbeaver.ui.editors.sql.semantics.SQLBackgroundParsingJob$1.run(SQLBackgroundParsingJob.java:90)
	at org.jkiss.dbeaver.model.runtime.AbstractJob.run(AbstractJob.java:117)
	at org.eclipse.core.internal.jobs.Worker.run(Worker.java:63)
2024-08-23 09:12:33.029 - Execution context opened (KH_LHH(KH1234); SQLEditor <09_DDL(ALTER,DROP).sql>; 3)
2024-08-23 09:15:24.138 - Error while analyzing query text: -- LNAME 컬럼 값을 모두 '대한민국' 으로 변경
UPDATE DEPT_COPY
SET LNAME = DEFAULT
java.lang.UnsupportedOperationException: Search condition or value expression expected while facing with DEFAULT
	at org.jkiss.dbeaver.model.sql.semantics.SQLQueryModelRecognizer.collectValueExpression(SQLQueryModelRecognizer.java:490)
	at org.jkiss.dbeaver.model.sql.semantics.model.dml.SQLQueryUpdateModel.lambda$1(SQLQueryUpdateModel.java:107)
	at java.base/java.util.stream.ReferencePipeline$3$1.accept(Unknown Source)
	at java.base/java.util.ArrayList$ArrayListSpliterator.forEachRemaining(Unknown Source)
	at java.base/java.util.stream.AbstractPipeline.copyInto(Unknown Source)
	at java.base/java.util.stream.AbstractPipeline.wrapAndCopyInto(Unknown Source)
	at java.base/java.util.stream.ReduceOps$ReduceOp.evaluateSequential(Unknown Source)
	at java.base/java.util.stream.AbstractPipeline.evaluate(Unknown Source)
	at java.base/java.util.stream.ReferencePipeline.collect(Unknown Source)
	at org.jkiss.dbeaver.model.sql.semantics.model.dml.SQLQueryUpdateModel.recognize(SQLQueryUpdateModel.java:107)
	at org.jkiss.dbeaver.model.sql.semantics.SQLQueryModelRecognizer.recognizeQuery(SQLQueryModelRecognizer.java:123)
	at org.jkiss.dbeaver.model.sql.semantics.SQLQueryModelRecognizer.recognizeQuery(SQLQueryModelRecognizer.java:735)
	at org.jkiss.dbeaver.ui.editors.sql.semantics.SQLBackgroundParsingJob.doWork(SQLBackgroundParsingJob.java:542)
	at org.jkiss.dbeaver.ui.editors.sql.semantics.SQLBackgroundParsingJob$1.run(SQLBackgroundParsingJob.java:90)
	at org.jkiss.dbeaver.model.runtime.AbstractJob.run(AbstractJob.java:117)
	at org.eclipse.core.internal.jobs.Worker.run(Worker.java:63)
2024-08-23 09:16:49.753 - Execution context opened (KH_LHH(KH1234); SQLEditor <02_함수.sql>; 4)
2024-08-23 09:16:51.551 - Execution context closed (KH_LHH(KH1234), 4)
2024-08-23 09:16:52.190 - Connect with 'WORKBOOK계정' (oracle_thin-1915a033ca6-7e58f9b93ce064e3)
2024-08-23 09:16:52.191 - Execution context opened (WORKBOOK계정; Main; 5)
2024-08-23 09:16:52.223 - Execution context opened (WORKBOOK계정; Metadata; 6)
2024-08-23 09:16:52.256 - Connected (oracle_thin-1915a033ca6-7e58f9b93ce064e3, Oracle JDBC driver [19.18.0.0.0])
2024-08-23 09:16:52.256 - Execution context opened (WORKBOOK계정; SQLEditor <WORKBOOK문제1.SQL>; 7)
2024-08-23 09:16:52.883 - Error while analyzing query text: ----------------------------------------------------------

-- 12번
-- 2007년도에 '인간관계론' 과목을 수강한 학생을 찾아
-- 학생이름과 수강학기를 조회하는 SQL을 작성하시오.
SELECT STUDENT_NAME, TERM_NO TERM_NAME
FROM TB_STUDENT
JOIN TB_GRADE USING(STUDENT_NO)
JOIN TB_CLASS USING(CLASS_NO)
WHERE CLASS_NAME = '인간관계론' AND TERM_NO LIKE '2007%'
java.lang.IllegalStateException: Symbol already classified
	at org.jkiss.dbeaver.model.sql.semantics.SQLQuerySymbol.setSymbolClass(SQLQuerySymbol.java:53)
	at org.jkiss.dbeaver.model.sql.semantics.SQLQuerySymbol.setDefinition(SQLQuerySymbol.java:78)
	at org.jkiss.dbeaver.model.sql.semantics.model.select.SQLQueryRowsNaturalJoinModel.propagateContextImpl(SQLQueryRowsNaturalJoinModel.java:99)
	at org.jkiss.dbeaver.model.sql.semantics.model.select.SQLQueryRowsSourceModel.propagateContext(SQLQueryRowsSourceModel.java:81)
	at org.jkiss.dbeaver.model.sql.semantics.model.select.SQLQueryRowsNaturalJoinModel.propagateContextImpl(SQLQueryRowsNaturalJoinModel.java:89)
	at org.jkiss.dbeaver.model.sql.semantics.model.select.SQLQueryRowsSourceModel.propagateContext(SQLQueryRowsSourceModel.java:81)
	at org.jkiss.dbeaver.model.sql.semantics.model.select.SQLQueryRowsProjectionModel.propagateContextImpl(SQLQueryRowsProjectionModel.java:143)
	at org.jkiss.dbeaver.model.sql.semantics.model.select.SQLQueryRowsSourceModel.propagateContext(SQLQueryRowsSourceModel.java:81)
	at org.jkiss.dbeaver.model.sql.semantics.model.select.SQLQueryRowsSourceModel.applyContext(SQLQueryRowsSourceModel.java:69)
	at org.jkiss.dbeaver.model.sql.semantics.model.SQLQueryModel.propagateContext(SQLQueryModel.java:76)
	at org.jkiss.dbeaver.model.sql.semantics.SQLQueryModelRecognizer.recognizeQuery(SQLQueryModelRecognizer.java:147)
	at org.jkiss.dbeaver.model.sql.semantics.SQLQueryModelRecognizer.recognizeQuery(SQLQueryModelRecognizer.java:735)
	at org.jkiss.dbeaver.ui.editors.sql.semantics.SQLBackgroundParsingJob.doWork(SQLBackgroundParsingJob.java:542)
	at org.jkiss.dbeaver.ui.editors.sql.semantics.SQLBackgroundParsingJob$1.run(SQLBackgroundParsingJob.java:90)
	at org.jkiss.dbeaver.model.runtime.AbstractJob.run(AbstractJob.java:117)
	at org.eclipse.core.internal.jobs.Worker.run(Worker.java:63)
2024-08-23 09:16:52.894 - Error while analyzing query text: ---------------------------------------------------------

-- 13번
-- 예체능 계열 과목 중 과목 담당교수를 한 명도 배정받지 못한 과목을 찾아
-- 과목 이름, 학과 이름을 조회하시오.
SELECT CLASS_NAME, DEPARTMENT_NAME
FROM TB_CLASS
JOIN TB_DEPARTMENT USING(DEPARTMENT_NO)
LEFT JOIN TB_CLASS_PROFESSOR USING(CLASS_NO)
WHERE CATEGORY = '예체능' AND PROFESSOR_NO IS NULL
java.lang.IllegalStateException: Symbol already classified
	at org.jkiss.dbeaver.model.sql.semantics.SQLQuerySymbol.setSymbolClass(SQLQuerySymbol.java:53)
	at org.jkiss.dbeaver.model.sql.semantics.SQLQuerySymbol.setDefinition(SQLQuerySymbol.java:78)
	at org.jkiss.dbeaver.model.sql.semantics.model.select.SQLQueryRowsNaturalJoinModel.propagateContextImpl(SQLQueryRowsNaturalJoinModel.java:99)
	at org.jkiss.dbeaver.model.sql.semantics.model.select.SQLQueryRowsSourceModel.propagateContext(SQLQueryRowsSourceModel.java:81)
	at org.jkiss.dbeaver.model.sql.semantics.model.select.SQLQueryRowsNaturalJoinModel.propagateContextImpl(SQLQueryRowsNaturalJoinModel.java:89)
	at org.jkiss.dbeaver.model.sql.semantics.model.select.SQLQueryRowsSourceModel.propagateContext(SQLQueryRowsSourceModel.java:81)
	at org.jkiss.dbeaver.model.sql.semantics.model.select.SQLQueryRowsProjectionModel.propagateContextImpl(SQLQueryRowsProjectionModel.java:143)
	at org.jkiss.dbeaver.model.sql.semantics.model.select.SQLQueryRowsSourceModel.propagateContext(SQLQueryRowsSourceModel.java:81)
	at org.jkiss.dbeaver.model.sql.semantics.model.select.SQLQueryRowsSourceModel.applyContext(SQLQueryRowsSourceModel.java:69)
	at org.jkiss.dbeaver.model.sql.semantics.model.SQLQueryModel.propagateContext(SQLQueryModel.java:76)
	at org.jkiss.dbeaver.model.sql.semantics.SQLQueryModelRecognizer.recognizeQuery(SQLQueryModelRecognizer.java:147)
	at org.jkiss.dbeaver.model.sql.semantics.SQLQueryModelRecognizer.recognizeQuery(SQLQueryModelRecognizer.java:735)
	at org.jkiss.dbeaver.ui.editors.sql.semantics.SQLBackgroundParsingJob.doWork(SQLBackgroundParsingJob.java:542)
	at org.jkiss.dbeaver.ui.editors.sql.semantics.SQLBackgroundParsingJob$1.run(SQLBackgroundParsingJob.java:90)
	at org.jkiss.dbeaver.model.runtime.AbstractJob.run(AbstractJob.java:117)
	at org.eclipse.core.internal.jobs.Worker.run(Worker.java:63)
2024-08-23 09:16:52.903 - Error while analyzing query text: -------------------------------------------------------

-- 14번
-- 춘 기술대학교 서반아어학과 학생들의 지도교수를 게시하고자 한다.
-- 학생이름, 지도교수이름 학번이 높은 순서로 조회하는 SQL을 작성하시오.
-- 단, 지도교수가 없을 경우 "지도교수 미지정"으로 표시
SELECT STUDENT_NAME 학생이름, NVL(PROFESSOR_NAME, '지도교수 미지정') 지도교수
FROM TB_STUDENT
JOIN TB_DEPARTMENT USING(DEPARTMENT_NO)
LEFT JOIN TB_PROFESSOR ON(COACH_PROFESSOR_NO = PROFESSOR_NO)
WHERE DEPARTMENT_NAME = '서반아어학과'
ORDER BY STUDENT_NO
java.lang.IllegalStateException: Symbol already classified
	at org.jkiss.dbeaver.model.sql.semantics.SQLQuerySymbol.setSymbolClass(SQLQuerySymbol.java:53)
	at org.jkiss.dbeaver.model.sql.semantics.SQLQuerySymbol.setDefinition(SQLQuerySymbol.java:78)
	at org.jkiss.dbeaver.model.sql.semantics.model.select.SQLQueryRowsNaturalJoinModel.propagateContextImpl(SQLQueryRowsNaturalJoinModel.java:99)
	at org.jkiss.dbeaver.model.sql.semantics.model.select.SQLQueryRowsSourceModel.propagateContext(SQLQueryRowsSourceModel.java:81)
	at org.jkiss.dbeaver.model.sql.semantics.model.select.SQLQueryRowsNaturalJoinModel.propagateContextImpl(SQLQueryRowsNaturalJoinModel.java:89)
	at org.jkiss.dbeaver.model.sql.semantics.model.select.SQLQueryRowsSourceModel.propagateContext(SQLQueryRowsSourceModel.java:81)
	at org.jkiss.dbeaver.model.sql.semantics.model.select.SQLQueryRowsProjectionModel.propagateContextImpl(SQLQueryRowsProjectionModel.java:143)
	at org.jkiss.dbeaver.model.sql.semantics.model.select.SQLQueryRowsSourceModel.propagateContext(SQLQueryRowsSourceModel.java:81)
	at org.jkiss.dbeaver.model.sql.semantics.model.select.SQLQueryRowsSourceModel.applyContext(SQLQueryRowsSourceModel.java:69)
	at org.jkiss.dbeaver.model.sql.semantics.model.SQLQueryModel.propagateContext(SQLQueryModel.java:76)
	at org.jkiss.dbeaver.model.sql.semantics.SQLQueryModelRecognizer.recognizeQuery(SQLQueryModelRecognizer.java:147)
	at org.jkiss.dbeaver.model.sql.semantics.SQLQueryModelRecognizer.recognizeQuery(SQLQueryModelRecognizer.java:735)
	at org.jkiss.dbeaver.ui.editors.sql.semantics.SQLBackgroundParsingJob.doWork(SQLBackgroundParsingJob.java:542)
	at org.jkiss.dbeaver.ui.editors.sql.semantics.SQLBackgroundParsingJob$1.run(SQLBackgroundParsingJob.java:90)
	at org.jkiss.dbeaver.model.runtime.AbstractJob.run(AbstractJob.java:117)
	at org.eclipse.core.internal.jobs.Worker.run(Worker.java:63)
2024-08-23 09:16:52.939 - Error while analyzing query text: -- 15번
-- 휴학생이 아닌 학생 중 평점이 4.0 이상인 학생을 찾아
-- 학생의 학번, 이름, 학과 이름, 평점을 조회하시오.

SELECT STUDENT_NO 학번, STUDENT_NAME 이름, DEPARTMENT_NAME 학과이름, ROUND(AVG(POINT), 8)
FROM TB_STUDENT
JOIN TB_DEPARTMENT USING(DEPARTMENT_NO)
JOIN TB_GRADE USING(STUDENT_NO)
WHERE ABSENCE_YN='N' AND ROUND(AVG(POINT), 8) = 4
GROUP BY STUDENT_NO, STUDENT_NAME, DEPARTMENT_NAME
java.lang.IllegalStateException: Symbol already classified
	at org.jkiss.dbeaver.model.sql.semantics.SQLQuerySymbol.setSymbolClass(SQLQuerySymbol.java:53)
	at org.jkiss.dbeaver.model.sql.semantics.SQLQuerySymbol.setDefinition(SQLQuerySymbol.java:78)
	at org.jkiss.dbeaver.model.sql.semantics.model.select.SQLQueryRowsNaturalJoinModel.propagateContextImpl(SQLQueryRowsNaturalJoinModel.java:99)
	at org.jkiss.dbeaver.model.sql.semantics.model.select.SQLQueryRowsSourceModel.propagateContext(SQLQueryRowsSourceModel.java:81)
	at org.jkiss.dbeaver.model.sql.semantics.model.select.SQLQueryRowsNaturalJoinModel.propagateContextImpl(SQLQueryRowsNaturalJoinModel.java:89)
	at org.jkiss.dbeaver.model.sql.semantics.model.select.SQLQueryRowsSourceModel.propagateContext(SQLQueryRowsSourceModel.java:81)
	at org.jkiss.dbeaver.model.sql.semantics.model.select.SQLQueryRowsProjectionModel.propagateContextImpl(SQLQueryRowsProjectionModel.java:143)
	at org.jkiss.dbeaver.model.sql.semantics.model.select.SQLQueryRowsSourceModel.propagateContext(SQLQueryRowsSourceModel.java:81)
	at org.jkiss.dbeaver.model.sql.semantics.model.select.SQLQueryRowsSourceModel.applyContext(SQLQueryRowsSourceModel.java:69)
	at org.jkiss.dbeaver.model.sql.semantics.model.SQLQueryModel.propagateContext(SQLQueryModel.java:76)
	at org.jkiss.dbeaver.model.sql.semantics.SQLQueryModelRecognizer.recognizeQuery(SQLQueryModelRecognizer.java:147)
	at org.jkiss.dbeaver.model.sql.semantics.SQLQueryModelRecognizer.recognizeQuery(SQLQueryModelRecognizer.java:735)
	at org.jkiss.dbeaver.ui.editors.sql.semantics.SQLBackgroundParsingJob.doWork(SQLBackgroundParsingJob.java:542)
	at org.jkiss.dbeaver.ui.editors.sql.semantics.SQLBackgroundParsingJob$1.run(SQLBackgroundParsingJob.java:90)
	at org.jkiss.dbeaver.model.runtime.AbstractJob.run(AbstractJob.java:117)
	at org.eclipse.core.internal.jobs.Worker.run(Worker.java:63)
2024-08-23 09:16:57.603 - Connect with '시험용계정(TEST_USER/test1234)' (oracle_thin-19169c42c2b-5f787cddf344c029)
2024-08-23 09:16:57.604 - Execution context opened (시험용계정(TEST_USER/test1234); Main; 8)
2024-08-23 09:16:57.629 - Execution context opened (시험용계정(TEST_USER/test1234); Metadata; 9)
2024-08-23 09:16:57.659 - Connected (oracle_thin-19169c42c2b-5f787cddf344c029, Oracle JDBC driver [19.18.0.0.0])
2024-08-23 09:16:58.681 - Listener org.jkiss.dbeaver.ui.editors.DatabaseEditorListener@61b33ef7 wasn't registered in model
2024-08-23 09:17:04.620 - Can't get column 'PLUGGED_IN': 부적합한 열 이름
2024-08-23 09:17:11.247 - Execution context opened (KH_LHH(KH1234); SQLEditor <06_DML(INSERT, UPDATE, DELETE).sql>; 10)
2024-08-23 09:17:12.928 - Execution context closed (KH_LHH(KH1234), 10)
2024-08-23 09:17:20.077 - Execution context opened (KH_LHH(KH1234); SQLEditor <07_TCL.sql>; 11)
2024-08-23 09:17:21.184 - Execution context closed (KH_LHH(KH1234), 11)
2024-08-23 10:12:38.958 - Execution context closed (WORKBOOK계정, 7)
2024-08-23 10:12:38.984 - Execution context closed (KH_LHH(KH1234), 2)
2024-08-23 10:12:39.016 - Execution context closed (KH_LHH(KH1234), 3)
2024-08-23 10:12:39.179 - DBeaver is stopping
2024-08-23 10:12:39.180 - Stop instance server
2024-08-23 10:12:40.191 - DBeaver shutdown completed
