2024-08-14 11:16:48.901 - DBeaver 24.1.4.202408041450 is starting
2024-08-14 11:16:48.902 - OS: Windows 10 10.0 (amd64)
2024-08-14 11:16:48.902 - Java version: 17.0.6 by Eclipse Adoptium (64bit)
2024-08-14 11:16:48.902 - Install path: 'C:\Program Files\DBeaver'
2024-08-14 11:16:48.902 - Instance path: 'file:/C:/workspace/06_DB/'
2024-08-14 11:16:48.903 - Memory available 70Mb/1024Mb
2024-08-14 11:16:48.909 - Create display
2024-08-14 11:16:48.965 - Initialize desktop platform...
2024-08-14 11:16:49.026 - BounceCastle bundle found. Use JCE provider BC
> Start Core File Systems [org.eclipse.core.filesystem 1.10.400.v20240426-1040]
> Start Core Resource Management [org.eclipse.core.resources 3.20.200.v20240513-1323]
> Start 팀 지원 핵심 [org.eclipse.team.core 3.10.400.v20240413-1529]
> Start DBeaver UI Navigator [org.jkiss.dbeaver.ui.navigator 1.0.136.202408041450]
2024-08-14 11:16:49.133 - Initialize base platform...
2024-08-14 11:16:49.146 - Platform initialized (181ms)
> Start DBeaver UI Editors - Base [org.jkiss.dbeaver.ui.editors.base 1.0.136.202408041450]
2024-08-14 11:16:49.270 - Error accessing instance server: java.net.ConnectException
2024-08-14 11:16:49.279 - Starting instance server at http://localhost:62401
2024-08-14 11:16:49.283 - Run workbench
> Start Eclipse e4 작업영역 SWT [org.eclipse.e4.ui.workbench.swt 0.17.400.v20240425-0840]
> Start Eclipse Application Services [org.eclipse.e4.core.services 2.4.400.v20240413-1529]
> Start Eclipse UI Application Services [org.eclipse.e4.ui.services 1.6.300.v20231201-1637]
> Start Eclipse e4 Progress View [org.eclipse.e4.ui.progress 0.4.400.v20240424-0956]
> Start Eclipse Bindings Support [org.eclipse.e4.ui.bindings 0.14.400.v20240321-1245]
> Start Eclipse e4 core commands [org.eclipse.e4.core.commands 1.1.400.v20240424-0444]
> Start EMF XML/XMI Persistence [org.eclipse.emf.ecore.xmi 2.37.0.v20231208-1346]
> Start Eclipse CSS SWT Theme Support [org.eclipse.e4.ui.css.swt.theme 0.14.400.v20240424-0956]
> Start Eclipse e4 작업영역 기능 추가 [org.eclipse.e4.ui.workbench.addons.swt 1.5.400.v20240416-0658]
Warning: NLS unused message: 이유 in: org.eclipse.ui.internal.messages
> Start Eclipse e4 작업영역 SWT 렌더러 [org.eclipse.e4.ui.workbench.renderers.swt 0.16.400.v20240418-1547]
> Start Eclipse Dependency Injection Extensions [org.eclipse.e4.core.di.extensions 0.18.300.v20240413-1529]
> Start Eclipse CSS SWT Support [org.eclipse.e4.ui.css.swt 0.15.400.v20240321-1245]
> Start 기본 문서 편집기 [org.eclipse.ui.editors 3.17.300.v20240524-2010]
> Start 텍스트 편집기 프레임워크 [org.eclipse.ui.workbench.texteditor 3.17.400.v20240524-2010]
2024-08-14 11:16:50.006 - Configure workbench window
> Start DBeaver SQL Model [org.jkiss.dbeaver.model.sql 1.0.126.202408041450]
2024-08-14 11:16:50.070 - Total database drivers: 119 (119)
> Start 도움말 시스템 코어 [org.eclipse.help 3.10.400.v20240415-0528]
2024-08-14 11:16:50.112 - Create actions
2024-08-14 11:16:50.115 - Disable Eclipse action set 'org.eclipse.ui.edit.text.actionSet.annotationNavigation'
2024-08-14 11:16:50.116 - Disable Eclipse action set 'org.eclipse.ui.WorkingSetActionSet'
2024-08-14 11:16:50.116 - Disable Eclipse action set 'org.eclipse.ui.actionSet.openFiles'
2024-08-14 11:16:50.116 - Create workbench actions
2024-08-14 11:16:50.321 - Initialize workbench window
2024-08-14 11:16:50.325 - Finish initialization
> Start DBeaver UI Editors - Data [org.jkiss.dbeaver.ui.editors.data 1.0.136.202408041450]
Warning: NLS unused message: actions_navigator__objects in: org.jkiss.dbeaver.ui.editors.sql.internal.SQLEditorMessages
> Start DBeaver UI Editors - SQL [org.jkiss.dbeaver.ui.editors.sql 1.0.136.202408041450]
Warning: NLS unused message: FindReplace_title in: org.eclipse.ui.texteditor.EditorMessages
Warning: NLS unused message: FindReplace_Find_label in: org.eclipse.ui.texteditor.EditorMessages
Warning: NLS unused message: FindReplace_Replace_label in: org.eclipse.ui.texteditor.EditorMessages
Warning: NLS unused message: FindReplace_Direction in: org.eclipse.ui.texteditor.EditorMessages
Warning: NLS unused message: FindReplace_ForwardRadioButton_label in: org.eclipse.ui.texteditor.EditorMessages
Warning: NLS unused message: FindReplace_BackwardRadioButton_label in: org.eclipse.ui.texteditor.EditorMessages
Warning: NLS unused message: FindReplace_Scope in: org.eclipse.ui.texteditor.EditorMessages
Warning: NLS unused message: FindReplace_GlobalRadioButton_label in: org.eclipse.ui.texteditor.EditorMessages
Warning: NLS unused message: FindReplace_SelectedRangeRadioButton_label in: org.eclipse.ui.texteditor.EditorMessages
Warning: NLS unused message: FindReplace_Options in: org.eclipse.ui.texteditor.EditorMessages
Warning: NLS unused message: FindReplace_CaseCheckBox_label in: org.eclipse.ui.texteditor.EditorMessages
Warning: NLS unused message: FindReplace_WrapCheckBox_label in: org.eclipse.ui.texteditor.EditorMessages
Warning: NLS unused message: FindReplace_WholeWordCheckBox_label in: org.eclipse.ui.texteditor.EditorMessages
Warning: NLS unused message: FindReplace_IncrementalCheckBox_label in: org.eclipse.ui.texteditor.EditorMessages
Warning: NLS unused message: FindReplace_RegExCheckbox_label in: org.eclipse.ui.texteditor.EditorMessages
Warning: NLS unused message: FindReplace_FindNextButton_label in: org.eclipse.ui.texteditor.EditorMessages
Warning: NLS unused message: FindReplace_ReplaceFindButton_label in: org.eclipse.ui.texteditor.EditorMessages
Warning: NLS unused message: FindReplace_ReplaceSelectionButton_label in: org.eclipse.ui.texteditor.EditorMessages
Warning: NLS unused message: FindReplace_ReplaceAllButton_label in: org.eclipse.ui.texteditor.EditorMessages
Warning: NLS unused message: FindReplace_SelectAllButton_label in: org.eclipse.ui.texteditor.EditorMessages
Warning: NLS unused message: FindReplace_CloseButton_label in: org.eclipse.ui.texteditor.EditorMessages
Warning: NLS unused message: FindReplace_Status_replacements_label in: org.eclipse.ui.texteditor.EditorMessages
> Start DBeaver SQL Terminal [org.jkiss.dbeaver.ui.editors.sql.terminal 1.0.112.202408041450]
> Start 핵심 비교 지원 [org.eclipse.compare.core 3.8.500.v20240524-2010]
> Start 인터넷 연결 관리 사용자 인터페이스 [org.eclipse.ui.net 1.5.400.v20240413-1529]
> Start Internet Connection Management [org.eclipse.core.net 1.5.400.v20240413-1529]
> Start 브라우저 지원 [org.eclipse.ui.browser 3.8.300.v20240524-2010]
> Start DBeaver Sample Database [org.jkiss.dbeaver.ext.sample.database 1.0.173.202408041450]
> Start DBeaver Tip of the day [org.jkiss.dbeaver.ext.ui.tipoftheday 1.0.142.202408041450]
> Start GEF Classic Draw2d [org.eclipse.draw2d 3.16.0.202405290843]
> Start GEF Classic GEF (MVC) [org.eclipse.gef 3.18.0.202405290843]
> Start DBeaver ERD UI [org.jkiss.dbeaver.erd.ui 3.0.96.202408041450]
> Start DBeaver ERD Model [org.jkiss.dbeaver.erd.model 1.0.96.202408041450]
> Start DBeaver Dashboard UI [org.jkiss.dbeaver.ui.dashboard 1.0.133.202408041450]
> Start DBeaver Dashboards Model [org.jkiss.dbeaver.model.dashboard 1.0.9.202408041450]
> Start DBeaver JDBC Model [org.jkiss.dbeaver.model.jdbc 1.0.29.202408041450]
> Start DBeaver Oracle Model [org.jkiss.dbeaver.ext.oracle 2.1.221.202408041450]
> Start DBeaver UI Editors - Connections [org.jkiss.dbeaver.ui.editors.connection 1.0.127.202408041450]
> Start 콘솔 [org.eclipse.ui.console 3.14.100.v20240429-1358]
> Start 디버그 핵심 [org.eclipse.debug.core 3.21.400.v20240415-0528]
> Start DBeaver Tasks - Native Tools UI [org.jkiss.dbeaver.tasks.native.ui 1.0.114.202408041450]
> Start DBeaver Oracle UI [org.jkiss.dbeaver.ext.oracle.ui 1.0.123.202408041450]
> Start DBeaver Tasks - General UI [org.jkiss.dbeaver.tasks.ui 1.0.114.202408041450]
2024-08-14 11:16:51.598 - Connect with 'KH_LHH(KH1234)' (oracle_thin-1914e877695-69289b1a262ae464)
2024-08-14 11:16:51.617 - Execution context opened (KH_LHH(KH1234); Main; 0)
2024-08-14 11:16:51.872 - Execution context opened (KH_LHH(KH1234); Metadata; 1)
2024-08-14 11:16:51.926 - Connected (oracle_thin-1914e877695-69289b1a262ae464, Oracle JDBC driver [19.18.0.0.0])
2024-08-14 11:16:51.928 - Execution context opened (KH_LHH(KH1234); SQLEditor <01_SELECT.sql>; 2)
> Start Equinox Provisioning Engine [org.eclipse.equinox.p2.engine 2.10.200.v20240425-1316]
> Start Equinox Provisioning Core [org.eclipse.equinox.p2.core 2.12.0.v20240515-1919]
> Start Equinox Provisioning Metadata [org.eclipse.equinox.p2.metadata 2.9.100.v20240416-0654]
> Start Equinox Provisioning Platform Update Support [org.eclipse.equinox.p2.ui.sdk 1.3.300.v20240207-1113]
> Start Equinox Provisioning Operations API [org.eclipse.equinox.p2.operations 2.7.400.v20240425-0751]
> Start Equinox Provisioning UI Support [org.eclipse.equinox.p2.ui 2.8.400.v20240511-1722]
> Start Equinox Provisioning Metadata Repository [org.eclipse.equinox.p2.metadata.repository 1.5.400.v20240515-1919]
> Start Equinox Provisioning Repository [org.eclipse.equinox.p2.repository 2.9.100.v20240511-1722]
> Start Equinox Provisioning Director [org.eclipse.equinox.p2.director 2.6.400.v20240321-1450]
> Start Equinox Provisioning ECF based Transport [org.eclipse.equinox.p2.transport.ecf 1.4.300.v20240321-1450]
> Start ECF Filetransfer API [org.eclipse.ecf.filetransfer 5.1.103.v20230705-0614]
> Start ECF Core API [org.eclipse.ecf 3.11.0.v20230507-1923]
> Start ECF Java HttpClient Filetransfer Provider [org.eclipse.ecf.provider.filetransfer.httpclientjava 2.0.200.v20231114-1017]
> Start ECF Filetransfer Provider [org.eclipse.ecf.provider.filetransfer 3.3.0.v20230422-0242]
> Start ECF Identity Core API [org.eclipse.ecf.identity 3.10.0.v20230422-0242]
> Start Equinox Provisioning Extension Location Repository Support [org.eclipse.equinox.p2.extensionlocation 1.5.400.v20240321-1450]
> Start Equinox Provisioning Legacy Update Site Support [org.eclipse.equinox.p2.updatesite 1.3.400.v20240321-1450]
> Start Equinox Provisioning Publisher Infrastructure [org.eclipse.equinox.p2.publisher 1.9.200.v20240429-0755]
> Start Equinox Provisioning Artifact Repository Support [org.eclipse.equinox.p2.artifact.repository 1.5.400.v20240416-0654]
> Start 비교 지원 [org.eclipse.compare 3.11.0.v20240524-2010]
> Start Equinox Provisioning Eclipse Touchpoint [org.eclipse.equinox.p2.touchpoint.eclipse 2.4.300.v20240511-1722]
> Start Equinox Provisioning Directory Watcher [org.eclipse.equinox.p2.directorywatcher 1.4.400.v20240321-1450]
> Start Equinox Security Default UI [org.eclipse.equinox.security.ui 1.4.300.v20240513-1104]
2024-08-14 11:19:55.522 - Execution context closed (KH_LHH(KH1234), 2)
2024-08-14 11:19:55.691 - DBeaver is stopping
2024-08-14 11:19:55.692 - Stop instance server
2024-08-14 11:19:56.694 - Instance server has been stopped
2024-08-14 11:19:56.694 - DBeaver shutdown completed
