2024-08-14 11:29:59.315 - DBeaver 24.1.4.202408041450 is starting
2024-08-14 11:29:59.316 - OS: Windows 10 10.0 (amd64)
2024-08-14 11:29:59.316 - Java version: 17.0.6 by Eclipse Adoptium (64bit)
2024-08-14 11:29:59.317 - Install path: 'C:\Program Files\DBeaver'
2024-08-14 11:29:59.317 - Instance path: 'file:/C:/workspace/06_DB/'
2024-08-14 11:29:59.318 - Memory available 250Mb/1024Mb
2024-08-14 11:29:59.324 - Create display
> Start DevStyle Theming - Webicons [com.genuitec.eclipse.webicons 2024.2.0.202406171634]
> Start JFace [org.eclipse.jface 3.34.0.v20240502-1134]
> Start Eclipse IDE UI [org.eclipse.ui.ide 3.22.200.v20240524-2010]
2024-08-14 11:29:59.554 - Initialize desktop platform...
2024-08-14 11:29:59.617 - BounceCastle bundle found. Use JCE provider BC
> Start Core File Systems [org.eclipse.core.filesystem 1.10.400.v20240426-1040]
> Start Text Editor Framework [org.eclipse.ui.workbench.texteditor 3.17.400.v20240524-2010]
> Start Client [com.genuitec.eclipse.codetogether.ui.client 2024.3.1.202407230323]
> Start Workspace [com.genuitec.eclipse.startup.workspace 2024.2.0.202406171634]
> Start Webclipse Common Core Platform Utilities [com.genuitec.eclipse.core.common.platform 2024.2.0.202406171634]
> Start Webclipse Common Core Platform Utilities [com.genuitec.eclipse.ui.common.platform 2024.2.0.202406171634]
> Start DevStyle Theming - Color Theme API [com.genuitec.eclipsecolortheme.api 2024.2.0.202406171634]
> Start Evergreen Updates [com.genuitec.eclipse.webclipse.evergreen 2024.2.0.202406171634]
> Start Core Resource Management [org.eclipse.core.resources 3.20.200.v20240513-1323]
> Start Team Support Core [org.eclipse.team.core 3.10.400.v20240413-1529]
> Start DBeaver UI Navigator [org.jkiss.dbeaver.ui.navigator 1.0.136.202408041450]
2024-08-14 11:29:59.980 - Initialize base platform...
2024-08-14 11:29:59.994 - Platform initialized (439ms)
> Start DBeaver UI Editors - Base [org.jkiss.dbeaver.ui.editors.base 1.0.136.202408041450]
2024-08-14 11:30:00.019 - Starting instance server at http://localhost:62567
2024-08-14 11:30:00.023 - Run workbench
> Start Eclipse e4 Workbench SWT [org.eclipse.e4.ui.workbench.swt 0.17.400.v20240425-0840]
> Start Eclipse Application Services [org.eclipse.e4.core.services 2.4.400.v20240413-1529]
> Start Eclipse UI Application Services [org.eclipse.e4.ui.services 1.6.300.v20231201-1637]
> Start Eclipse e4 Progress View [org.eclipse.e4.ui.progress 0.4.400.v20240424-0956]
> Start Eclipse Bindings Support [org.eclipse.e4.ui.bindings 0.14.400.v20240321-1245]
> Start Eclipse e4 core commands [org.eclipse.e4.core.commands 1.1.400.v20240424-0444]
WARNING: Annotation classes from the 'javax.inject' or 'javax.annotation' package found.
It is recommended to migrate to the corresponding replacements in the jakarta namespace.
The Eclipse E4 Platform will remove support for those javax-annotations in a future release.
To suppress this warning, set the VM property: -Declipse.e4.inject.javax.warning=false
To disable processing of 'javax' annotations entirely, set the VM property: -Declipse.e4.inject.javax.disabled=true

> Start EMF XML/XMI Persistence [org.eclipse.emf.ecore.xmi 2.37.0.v20231208-1346]
> Start Eclipse CSS SWT Theme Support [org.eclipse.e4.ui.css.swt.theme 0.14.400.v20240424-0956]
> Start Eclipse e4 Workbench Add-ons [org.eclipse.e4.ui.workbench.addons.swt 1.5.400.v20240416-0658]
> Start Eclipse e4 Workbench SWT Renderer [org.eclipse.e4.ui.workbench.renderers.swt 0.16.400.v20240418-1547]
> Start Eclipse Dependency Injection Extensions [org.eclipse.e4.core.di.extensions 0.18.300.v20240413-1529]
> Start Eclipse CSS SWT Support [org.eclipse.e4.ui.css.swt 0.15.400.v20240321-1245]
> Start Startup [com.genuitec.eclipse.startup 2024.2.0.202406171634]
> Start DevStyle Theming - Scrollbar [com.genuitec.eclipse.theming.scrollbar 2024.2.0.202406171634]
> Start GEF Classic Draw2d [org.eclipse.draw2d 3.16.0.202405290843]
> Start DevStyle Theming - Base [com.genuitec.eclipse.theming.base 2024.2.0.202406171634]
> Start DevStyle Theming - UI [com.genuitec.eclipse.theming.ui 2024.2.0.202406171634]
> Start Default Text Editor [org.eclipse.ui.editors 3.17.300.v20240524-2010]
2024-08-14 11:30:01.248 - Configure workbench window
> Start DBeaver SQL Model [org.jkiss.dbeaver.model.sql 1.0.126.202408041450]
2024-08-14 11:30:01.324 - Total database drivers: 119 (119)
> Start Help System Core [org.eclipse.help 3.10.400.v20240415-0528]
2024-08-14 11:30:01.390 - Create actions
2024-08-14 11:30:01.394 - Disable Eclipse action set 'org.eclipse.ui.edit.text.actionSet.annotationNavigation'
2024-08-14 11:30:01.395 - Disable Eclipse action set 'org.eclipse.ui.WorkingSetActionSet'
2024-08-14 11:30:01.395 - Disable Eclipse action set 'org.eclipse.ui.actionSet.openFiles'
2024-08-14 11:30:01.395 - Create workbench actions
2024-08-14 11:30:01.678 - Initialize workbench window
2024-08-14 11:30:01.681 - Finish initialization
> Start DBeaver UI Editors - Data [org.jkiss.dbeaver.ui.editors.data 1.0.136.202408041450]
Warning: NLS unused message: actions_navigator__objects in: org.jkiss.dbeaver.ui.editors.sql.internal.SQLEditorMessages
> Start DBeaver UI Editors - SQL [org.jkiss.dbeaver.ui.editors.sql 1.0.136.202408041450]
> Start DBeaver SQL Terminal [org.jkiss.dbeaver.ui.editors.sql.terminal 1.0.112.202408041450]
> Start Internet Connection Management UI [org.eclipse.ui.net 1.5.400.v20240413-1529]
> Start JGit SSH support based on Apache MINA sshd [org.eclipse.jgit.ssh.apache 6.10.0.202406032230-r]
> Start JGit Apache httpclient based HTTP support [org.eclipse.jgit.http.apache 6.10.0.202406032230-r]
> Start JSch Core [org.eclipse.jsch.core 1.5.400.v20240413-1649]
> Start Internet Connection Management [org.eclipse.core.net 1.5.400.v20240413-1529]
> Start CodeTogether UI [com.genuitec.eclipse.codetogether.ui 2024.3.1.202407230323]
> Start Debug Core [org.eclipse.debug.core 3.21.400.v20240415-0528]
> Start Debug UI [org.eclipse.debug.ui 3.18.400.v20240516-0857]
> Start Core Compare Support [org.eclipse.compare.core 3.8.500.v20240524-2010]
> Start Browser Support [org.eclipse.ui.browser 3.8.300.v20240524-2010]
> Start CodeTogether Core [com.genuitec.eclipse.codetogether.core 2024.3.1.202407230323]
> Start Equinox Provisioning Core [org.eclipse.equinox.p2.core 2.12.0.v20240515-1919]
> Start Equinox Provisioning Engine [org.eclipse.equinox.p2.engine 2.10.200.v20240425-1316]
> Start Equinox Provisioning Metadata [org.eclipse.equinox.p2.metadata 2.9.100.v20240416-0654]
> Start Equinox Provisioning Metadata Repository [org.eclipse.equinox.p2.metadata.repository 1.5.400.v20240515-1919]
> Start Equinox Provisioning Repository [org.eclipse.equinox.p2.repository 2.9.100.v20240511-1722]
> Start DBeaver Sample Database [org.jkiss.dbeaver.ext.sample.database 1.0.173.202408041450]
> Start DBeaver Tip of the day [org.jkiss.dbeaver.ext.ui.tipoftheday 1.0.142.202408041450]
> Start Language Server Protocol client for CodeTogether [com.genuitec.eclipse.lsp4e 2024.3.1.202407230323]
> Start Enhanced Explorer JDT Support [com.genuitec.eclipse.meexplorer.jdt 2024.2.0.202406171634]
> Start Enhanced Explorer [com.genuitec.eclipse.meexplorer 2024.2.0.202406171634]
> Start Equinox Provisioning UI Support [org.eclipse.equinox.p2.ui 2.8.400.v20240511-1722]
> Start Equinox Provisioning Operations API [org.eclipse.equinox.p2.operations 2.7.400.v20240425-0751]
> Start Equinox Provisioning Platform Update Support [org.eclipse.equinox.p2.ui.sdk 1.3.300.v20240207-1113]
> Start GEF Classic GEF (MVC) [org.eclipse.gef 3.18.0.202405290843]
> Start DBeaver ERD UI [org.jkiss.dbeaver.erd.ui 3.0.96.202408041450]
> Start DBeaver ERD Model [org.jkiss.dbeaver.erd.model 1.0.96.202408041450]
> Start DBeaver Dashboard UI [org.jkiss.dbeaver.ui.dashboard 1.0.133.202408041450]
> Start DBeaver Dashboards Model [org.jkiss.dbeaver.model.dashboard 1.0.9.202408041450]
> Start DBeaver JDBC Model [org.jkiss.dbeaver.model.jdbc 1.0.29.202408041450]
> Start DBeaver Oracle Model [org.jkiss.dbeaver.ext.oracle 2.1.221.202408041450]
8월 14, 2024 11:30:03 오전 org.glassfish.grizzly.http.server.NetworkListener start
정보: Started listener bound to [localhost:1594]
8월 14, 2024 11:30:03 오전 org.glassfish.grizzly.http.server.HttpServer start
정보: [HttpServer] Started.
> Start DBeaver UI Editors - Connections [org.jkiss.dbeaver.ui.editors.connection 1.0.127.202408041450]
> Start Eclipse Compiler for Java(TM) [org.eclipse.jdt.core.compiler.batch 3.38.0.v20240524-2033]
> Start Java Development Tools Core [org.eclipse.jdt.core 3.38.0.v20240528-0618]
> Start Java Code Manipulation Functionality [org.eclipse.jdt.core.manipulation 1.21.100.v20240524-2038]
> Start Java Development Tools UI [org.eclipse.jdt.ui 3.32.100.v20240524-2038]
> Start Core Variables [org.eclipse.core.variables 3.6.400.v20240413-1529]
> Start Console [org.eclipse.ui.console 3.14.100.v20240429-1358]
> Start DBeaver Tasks - Native Tools UI [org.jkiss.dbeaver.tasks.native.ui 1.0.114.202408041450]
> Start DBeaver Oracle UI [org.jkiss.dbeaver.ext.oracle.ui 1.0.123.202408041450]
> Start DBeaver Tasks - General UI [org.jkiss.dbeaver.tasks.ui 1.0.114.202408041450]
> Start Common Navigator View [org.eclipse.ui.navigator 3.12.400.v20240424-0956]
2024-08-14 11:30:03.866 - Connect with 'KH_LHH(KH1234)' (oracle_thin-1914e877695-69289b1a262ae464)
> Start Equinox Provisioning Garbage Collector [org.eclipse.equinox.p2.garbagecollector 1.3.300.v20240321-1450]
> Start Equinox Provisioning ECF based Transport [org.eclipse.equinox.p2.transport.ecf 1.4.300.v20240321-1450]
> Start ECF Filetransfer API [org.eclipse.ecf.filetransfer 5.1.103.v20230705-0614]
2024-08-14 11:30:03.897 - Execution context opened (KH_LHH(KH1234); Main; 0)
2024-08-14 11:30:04.219 - Execution context opened (KH_LHH(KH1234); Metadata; 1)
2024-08-14 11:30:04.266 - Connected (oracle_thin-1914e877695-69289b1a262ae464, Oracle JDBC driver [19.18.0.0.0])
2024-08-14 11:30:04.267 - Execution context opened (KH_LHH(KH1234); SQLEditor <01_SELECT.sql>; 2)
> Start Team Support UI [org.eclipse.team.ui 3.10.400.v20240416-0654]
> Start CodeTogether Remote Editor [com.genuitec.eclipse.genericeditor 2024.3.1.202407230323]
> Start DBeaver SQL Language Semantic Model [org.jkiss.dbeaver.model.lsm 1.0.31.202408041450]
2024-08-14 11:45:26.436 - Can't get column 'PLUGGED_IN': 부적합한 열 이름
> Start TextMate support in Eclipse IDE - UI [org.eclipse.tm4e.ui 0.12.0.202405210827]
> Start TextMate support in Java [org.eclipse.tm4e.core 0.12.0.202405210827]
2024-08-14 12:28:10.856 - Can't parse string value [2024-08-14 12:27:47.584 +0900] to date/time value
java.text.ParseException: Unparseable date: "2024-08-14 12:27:47.584 +0900"
	at java.base/java.text.DateFormat.parse(Unknown Source)
	at org.jkiss.dbeaver.model.impl.data.formatters.DateTimeDataFormatter.parseValue(DateTimeDataFormatter.java:132)
	at org.jkiss.dbeaver.model.impl.data.TemporalAccessorValueHandler.getValueFromObject(TemporalAccessorValueHandler.java:72)
	at org.jkiss.dbeaver.ext.oracle.data.OracleTemporalAccessorValueHandler.getValueFromObject(OracleTemporalAccessorValueHandler.java:58)
	at org.jkiss.dbeaver.ui.data.editors.DateTimeInlineEditor.extractEditorValue(DateTimeInlineEditor.java:197)
	at org.jkiss.dbeaver.ui.controls.resultset.panel.valueviewer.ValueViewerPanel.viewValue(ValueViewerPanel.java:299)
	at org.jkiss.dbeaver.ui.controls.resultset.panel.valueviewer.ValueViewerPanel.refreshValue(ValueViewerPanel.java:204)
	at org.jkiss.dbeaver.ui.controls.resultset.panel.valueviewer.ValueViewerPanel.lambda$3(ValueViewerPanel.java:119)
	at org.jkiss.dbeaver.ui.controls.resultset.AbstractPresentation.fireSelectionChanged(AbstractPresentation.java:266)
	at org.jkiss.dbeaver.ui.controls.resultset.spreadsheet.SpreadsheetPresentation.access$3(SpreadsheetPresentation.java:1)
	at org.jkiss.dbeaver.ui.controls.resultset.spreadsheet.SpreadsheetPresentation$1.widgetSelected(SpreadsheetPresentation.java:218)
	at org.eclipse.swt.widgets.TypedListener.handleEvent(TypedListener.java:265)
	at org.eclipse.swt.widgets.EventTable.sendEvent(EventTable.java:91)
	at org.eclipse.swt.widgets.Display.sendEvent(Display.java:4285)
	at org.eclipse.swt.widgets.Widget.sendEvent(Widget.java:1160)
	at org.eclipse.swt.widgets.Widget.sendEvent(Widget.java:1184)
	at org.eclipse.swt.widgets.Widget.sendEvent(Widget.java:1169)
	at org.eclipse.swt.widgets.Widget.notifyListeners(Widget.java:841)
	at org.jkiss.dbeaver.ui.controls.lightgrid.LightGrid.onMouseDown(LightGrid.java:3365)
	at org.jkiss.dbeaver.ui.controls.lightgrid.LightGrid$1.mouseDown(LightGrid.java:3059)
	at org.eclipse.swt.widgets.TypedListener.handleEvent(TypedListener.java:209)
	at org.eclipse.swt.widgets.EventTable.sendEvent(EventTable.java:91)
	at org.eclipse.swt.widgets.Display.sendEvent(Display.java:4285)
	at org.eclipse.swt.widgets.Widget.sendEvent(Widget.java:1160)
	at org.eclipse.swt.widgets.Display.runDeferredEvents(Display.java:4083)
	at org.eclipse.swt.widgets.Display.readAndDispatch(Display.java:3673)
	at org.eclipse.e4.ui.internal.workbench.swt.PartRenderingEngine$5.run(PartRenderingEngine.java:1151)
	at org.eclipse.core.databinding.observable.Realm.runWithDefault(Realm.java:339)
	at org.eclipse.e4.ui.internal.workbench.swt.PartRenderingEngine.run(PartRenderingEngine.java:1042)
	at org.eclipse.e4.ui.internal.workbench.E4Workbench.createAndRunUI(E4Workbench.java:152)
	at org.eclipse.ui.internal.Workbench.lambda$3(Workbench.java:639)
	at org.eclipse.core.databinding.observable.Realm.runWithDefault(Realm.java:339)
	at org.eclipse.ui.internal.Workbench.createAndRunWorkbench(Workbench.java:546)
	at org.eclipse.ui.PlatformUI.createAndRunWorkbench(PlatformUI.java:173)
	at org.jkiss.dbeaver.ui.app.standalone.DBeaverApplication.start(DBeaverApplication.java:291)
	at org.eclipse.equinox.internal.app.EclipseAppHandle.run(EclipseAppHandle.java:208)
	at org.eclipse.core.runtime.internal.adaptor.EclipseAppLauncher.runApplication(EclipseAppLauncher.java:143)
	at org.eclipse.core.runtime.internal.adaptor.EclipseAppLauncher.start(EclipseAppLauncher.java:109)
	at org.eclipse.core.runtime.adaptor.EclipseStarter.run(EclipseStarter.java:439)
	at org.eclipse.core.runtime.adaptor.EclipseStarter.run(EclipseStarter.java:271)
	at java.base/jdk.internal.reflect.NativeMethodAccessorImpl.invoke0(Native Method)
	at java.base/jdk.internal.reflect.NativeMethodAccessorImpl.invoke(Unknown Source)
	at java.base/jdk.internal.reflect.DelegatingMethodAccessorImpl.invoke(Unknown Source)
	at java.base/java.lang.reflect.Method.invoke(Unknown Source)
	at org.jkiss.dbeaver.launcher.DBeaverLauncher.invokeFramework(DBeaverLauncher.java:648)
	at org.jkiss.dbeaver.launcher.DBeaverLauncher.basicRun(DBeaverLauncher.java:608)
	at org.jkiss.dbeaver.launcher.DBeaverLauncher.run(DBeaverLauncher.java:1459)
2024-08-14 12:28:13.012 - Can't parse string value [2024-08-14 12:27:47.584 +0900] to date/time value
java.text.ParseException: Unparseable date: "2024-08-14 12:27:47.584 +0900"
	at java.base/java.text.DateFormat.parse(Unknown Source)
	at org.jkiss.dbeaver.model.impl.data.formatters.DateTimeDataFormatter.parseValue(DateTimeDataFormatter.java:132)
	at org.jkiss.dbeaver.model.impl.data.TemporalAccessorValueHandler.getValueFromObject(TemporalAccessorValueHandler.java:72)
	at org.jkiss.dbeaver.ext.oracle.data.OracleTemporalAccessorValueHandler.getValueFromObject(OracleTemporalAccessorValueHandler.java:58)
	at org.jkiss.dbeaver.ui.data.editors.DateTimeInlineEditor.extractEditorValue(DateTimeInlineEditor.java:197)
	at org.jkiss.dbeaver.ui.controls.resultset.panel.valueviewer.ValueViewerPanel.viewValue(ValueViewerPanel.java:299)
	at org.jkiss.dbeaver.ui.controls.resultset.panel.valueviewer.ValueViewerPanel.refreshValue(ValueViewerPanel.java:204)
	at org.jkiss.dbeaver.ui.controls.resultset.panel.valueviewer.ValueViewerPanel.lambda$3(ValueViewerPanel.java:119)
	at org.jkiss.dbeaver.ui.controls.resultset.AbstractPresentation.fireSelectionChanged(AbstractPresentation.java:266)
	at org.jkiss.dbeaver.ui.controls.resultset.spreadsheet.SpreadsheetPresentation.access$3(SpreadsheetPresentation.java:1)
	at org.jkiss.dbeaver.ui.controls.resultset.spreadsheet.SpreadsheetPresentation$1.widgetSelected(SpreadsheetPresentation.java:218)
	at org.eclipse.swt.widgets.TypedListener.handleEvent(TypedListener.java:265)
	at org.eclipse.swt.widgets.EventTable.sendEvent(EventTable.java:91)
	at org.eclipse.swt.widgets.Display.sendEvent(Display.java:4285)
	at org.eclipse.swt.widgets.Widget.sendEvent(Widget.java:1160)
	at org.eclipse.swt.widgets.Widget.sendEvent(Widget.java:1184)
	at org.eclipse.swt.widgets.Widget.sendEvent(Widget.java:1169)
	at org.eclipse.swt.widgets.Widget.notifyListeners(Widget.java:841)
	at org.jkiss.dbeaver.ui.controls.lightgrid.LightGrid.onMouseDown(LightGrid.java:3365)
	at org.jkiss.dbeaver.ui.controls.lightgrid.LightGrid$1.mouseDown(LightGrid.java:3059)
	at org.eclipse.swt.widgets.TypedListener.handleEvent(TypedListener.java:209)
	at org.eclipse.swt.widgets.EventTable.sendEvent(EventTable.java:91)
	at org.eclipse.swt.widgets.Display.sendEvent(Display.java:4285)
	at org.eclipse.swt.widgets.Widget.sendEvent(Widget.java:1160)
	at org.eclipse.swt.widgets.Display.runDeferredEvents(Display.java:4083)
	at org.eclipse.swt.widgets.Display.readAndDispatch(Display.java:3673)
	at org.eclipse.e4.ui.internal.workbench.swt.PartRenderingEngine$5.run(PartRenderingEngine.java:1151)
	at org.eclipse.core.databinding.observable.Realm.runWithDefault(Realm.java:339)
	at org.eclipse.e4.ui.internal.workbench.swt.PartRenderingEngine.run(PartRenderingEngine.java:1042)
	at org.eclipse.e4.ui.internal.workbench.E4Workbench.createAndRunUI(E4Workbench.java:152)
	at org.eclipse.ui.internal.Workbench.lambda$3(Workbench.java:639)
	at org.eclipse.core.databinding.observable.Realm.runWithDefault(Realm.java:339)
	at org.eclipse.ui.internal.Workbench.createAndRunWorkbench(Workbench.java:546)
	at org.eclipse.ui.PlatformUI.createAndRunWorkbench(PlatformUI.java:173)
	at org.jkiss.dbeaver.ui.app.standalone.DBeaverApplication.start(DBeaverApplication.java:291)
	at org.eclipse.equinox.internal.app.EclipseAppHandle.run(EclipseAppHandle.java:208)
	at org.eclipse.core.runtime.internal.adaptor.EclipseAppLauncher.runApplication(EclipseAppLauncher.java:143)
	at org.eclipse.core.runtime.internal.adaptor.EclipseAppLauncher.start(EclipseAppLauncher.java:109)
	at org.eclipse.core.runtime.adaptor.EclipseStarter.run(EclipseStarter.java:439)
	at org.eclipse.core.runtime.adaptor.EclipseStarter.run(EclipseStarter.java:271)
	at java.base/jdk.internal.reflect.NativeMethodAccessorImpl.invoke0(Native Method)
	at java.base/jdk.internal.reflect.NativeMethodAccessorImpl.invoke(Unknown Source)
	at java.base/jdk.internal.reflect.DelegatingMethodAccessorImpl.invoke(Unknown Source)
	at java.base/java.lang.reflect.Method.invoke(Unknown Source)
	at org.jkiss.dbeaver.launcher.DBeaverLauncher.invokeFramework(DBeaverLauncher.java:648)
	at org.jkiss.dbeaver.launcher.DBeaverLauncher.basicRun(DBeaverLauncher.java:608)
	at org.jkiss.dbeaver.launcher.DBeaverLauncher.run(DBeaverLauncher.java:1459)
2024-08-14 12:48:00.528 - Error positioning on query error
org.eclipse.jface.text.BadLocationException: 2724
	at org.eclipse.jface.text.TreeLineTracker.lineByOffset(TreeLineTracker.java:268)
	at org.eclipse.jface.text.TreeLineTracker.getLineNumberOfOffset(TreeLineTracker.java:1112)
	at org.eclipse.jface.text.AbstractLineTracker.getLineNumberOfOffset(AbstractLineTracker.java:246)
	at org.eclipse.jface.text.AbstractDocument.getLineOfOffset(AbstractDocument.java:863)
	at org.eclipse.core.internal.filebuffers.SynchronizableDocument.getLineOfOffset(SynchronizableDocument.java:334)
	at org.jkiss.dbeaver.ui.editors.sql.SQLEditorBase.visualizeQueryErrors(SQLEditorBase.java:1052)
	at org.jkiss.dbeaver.ui.editors.sql.SQLEditor$SQLEditorQueryListener.processQueryResult(SQLEditor.java:4881)
	at org.jkiss.dbeaver.ui.editors.sql.SQLEditor$SQLEditorQueryListener.lambda$4(SQLEditor.java:4832)
	at org.jkiss.dbeaver.ui.UIUtils$9.runInUIThread(UIUtils.java:1852)
	at org.jkiss.dbeaver.ui.AbstractUIJob.runInUIThread(AbstractUIJob.java:41)
	at org.eclipse.ui.progress.UIJob.lambda$0(UIJob.java:148)
	at org.eclipse.swt.widgets.RunnableLock.run(RunnableLock.java:40)
	at org.eclipse.swt.widgets.Synchronizer.runAsyncMessages(Synchronizer.java:132)
	at org.eclipse.swt.widgets.Display.runAsyncMessages(Display.java:4058)
	at org.eclipse.swt.widgets.Display.readAndDispatch(Display.java:3676)
	at org.eclipse.e4.ui.internal.workbench.swt.PartRenderingEngine$5.run(PartRenderingEngine.java:1151)
	at org.eclipse.core.databinding.observable.Realm.runWithDefault(Realm.java:339)
	at org.eclipse.e4.ui.internal.workbench.swt.PartRenderingEngine.run(PartRenderingEngine.java:1042)
	at org.eclipse.e4.ui.internal.workbench.E4Workbench.createAndRunUI(E4Workbench.java:152)
	at org.eclipse.ui.internal.Workbench.lambda$3(Workbench.java:639)
	at org.eclipse.core.databinding.observable.Realm.runWithDefault(Realm.java:339)
	at org.eclipse.ui.internal.Workbench.createAndRunWorkbench(Workbench.java:546)
	at org.eclipse.ui.PlatformUI.createAndRunWorkbench(PlatformUI.java:173)
	at org.jkiss.dbeaver.ui.app.standalone.DBeaverApplication.start(DBeaverApplication.java:291)
	at org.eclipse.equinox.internal.app.EclipseAppHandle.run(EclipseAppHandle.java:208)
	at org.eclipse.core.runtime.internal.adaptor.EclipseAppLauncher.runApplication(EclipseAppLauncher.java:143)
	at org.eclipse.core.runtime.internal.adaptor.EclipseAppLauncher.start(EclipseAppLauncher.java:109)
	at org.eclipse.core.runtime.adaptor.EclipseStarter.run(EclipseStarter.java:439)
	at org.eclipse.core.runtime.adaptor.EclipseStarter.run(EclipseStarter.java:271)
	at java.base/jdk.internal.reflect.NativeMethodAccessorImpl.invoke0(Native Method)
	at java.base/jdk.internal.reflect.NativeMethodAccessorImpl.invoke(Unknown Source)
	at java.base/jdk.internal.reflect.DelegatingMethodAccessorImpl.invoke(Unknown Source)
	at java.base/java.lang.reflect.Method.invoke(Unknown Source)
	at org.jkiss.dbeaver.launcher.DBeaverLauncher.invokeFramework(DBeaverLauncher.java:648)
	at org.jkiss.dbeaver.launcher.DBeaverLauncher.basicRun(DBeaverLauncher.java:608)
	at org.jkiss.dbeaver.launcher.DBeaverLauncher.run(DBeaverLauncher.java:1459)
> Start Refactoring Core [org.eclipse.ltk.core.refactoring 3.14.400.v20240321-1245]
2024-08-14 12:48:00.715 - SQL Error [923] [42000]: ORA-00923: FROM 키워드가 필요한 위치에 없습니다.

org.jkiss.dbeaver.model.sql.DBSQLException: SQL Error [923] [42000]: ORA-00923: FROM 키워드가 필요한 위치에 없습니다.

	at org.jkiss.dbeaver.model.impl.jdbc.exec.JDBCStatementImpl.executeStatement(JDBCStatementImpl.java:133)
	at org.jkiss.dbeaver.ui.editors.sql.execute.SQLQueryJob.executeStatement(SQLQueryJob.java:615)
	at org.jkiss.dbeaver.ui.editors.sql.execute.SQLQueryJob.lambda$2(SQLQueryJob.java:506)
	at org.jkiss.dbeaver.model.exec.DBExecUtils.tryExecuteRecover(DBExecUtils.java:192)
	at org.jkiss.dbeaver.ui.editors.sql.execute.SQLQueryJob.executeSingleQuery(SQLQueryJob.java:525)
	at org.jkiss.dbeaver.ui.editors.sql.execute.SQLQueryJob.extractData(SQLQueryJob.java:977)
	at org.jkiss.dbeaver.ui.editors.sql.SQLEditor$QueryResultsContainer.readData(SQLEditor.java:4195)
	at org.jkiss.dbeaver.ui.controls.resultset.ResultSetJobDataRead.lambda$0(ResultSetJobDataRead.java:128)
	at org.jkiss.dbeaver.model.exec.DBExecUtils.tryExecuteRecover(DBExecUtils.java:192)
	at org.jkiss.dbeaver.ui.controls.resultset.ResultSetJobDataRead.run(ResultSetJobDataRead.java:126)
	at org.jkiss.dbeaver.ui.controls.resultset.ResultSetViewer$ResultSetDataPumpJob.run(ResultSetViewer.java:5160)
	at org.jkiss.dbeaver.model.runtime.AbstractJob.run(AbstractJob.java:117)
	at org.eclipse.core.internal.jobs.Worker.run(Worker.java:63)
Caused by: java.sql.SQLSyntaxErrorException: ORA-00923: FROM 키워드가 필요한 위치에 없습니다.

	at oracle.jdbc.driver.T4CTTIoer11.processError(T4CTTIoer11.java:509)
	at oracle.jdbc.driver.T4CTTIoer11.processError(T4CTTIoer11.java:461)
	at oracle.jdbc.driver.T4C8Oall.processError(T4C8Oall.java:1104)
	at oracle.jdbc.driver.T4CTTIfun.receive(T4CTTIfun.java:553)
	at oracle.jdbc.driver.T4CTTIfun.doRPC(T4CTTIfun.java:269)
	at oracle.jdbc.driver.T4C8Oall.doOALL(T4C8Oall.java:655)
	at oracle.jdbc.driver.T4CStatement.doOall8(T4CStatement.java:229)
	at oracle.jdbc.driver.T4CStatement.doOall8(T4CStatement.java:41)
	at oracle.jdbc.driver.T4CStatement.executeForDescribe(T4CStatement.java:765)
	at oracle.jdbc.driver.OracleStatement.executeMaybeDescribe(OracleStatement.java:983)
	at oracle.jdbc.driver.OracleStatement.doExecuteWithTimeout(OracleStatement.java:1168)
	at oracle.jdbc.driver.OracleStatement.executeInternal(OracleStatement.java:1823)
	at oracle.jdbc.driver.OracleStatement.execute(OracleStatement.java:1778)
	at oracle.jdbc.driver.OracleStatementWrapper.execute(OracleStatementWrapper.java:303)
	at org.jkiss.dbeaver.model.impl.jdbc.exec.JDBCStatementImpl.execute(JDBCStatementImpl.java:330)
	at org.jkiss.dbeaver.model.impl.jdbc.exec.JDBCStatementImpl.executeStatement(JDBCStatementImpl.java:131)
	... 12 more
Caused by: Error : 923, Position : 142, Sql = -- 점심시간 - 현재 시간 == 점심까지 남은 시간

SELECT 
	TO_DATE('2024-08-14 12:50', 'YYYY-MM-DD HH24:MI') 
	- CURRENT_DATE) * 24 * 60 * 60
FROM DUAL, OriginalSql = -- 점심시간 - 현재 시간 == 점심까지 남은 시간

SELECT 
	TO_DATE('2024-08-14 12:50', 'YYYY-MM-DD HH24:MI') 
	- CURRENT_DATE) * 24 * 60 * 60
FROM DUAL, Error Msg = ORA-00923: FROM 키워드가 필요한 위치에 없습니다.

	at oracle.jdbc.driver.T4CTTIoer11.processError(T4CTTIoer11.java:513)
	... 27 more
2024-08-14 13:19:16.540 - End idle 2 transactions for oracle_thin-1914e877695-69289b1a262ae464
2024-08-14 14:43:28.989 - Error parsing query
org.eclipse.jface.text.BadLocationException
	at org.eclipse.jface.text.AbstractDocument.get(AbstractDocument.java:958)
	at org.eclipse.core.internal.filebuffers.SynchronizableDocument.get(SynchronizableDocument.java:130)
	at org.jkiss.dbeaver.model.sql.parser.SQLScriptParser.parseQueryImpl(SQLScriptParser.java:134)
	at org.jkiss.dbeaver.model.sql.parser.SQLScriptParser.extractScriptQueries(SQLScriptParser.java:942)
	at org.jkiss.dbeaver.ui.editors.sql.SQLEditorBase.extractScriptQueries(SQLEditorBase.java:949)
	at org.jkiss.dbeaver.ui.editors.sql.syntax.SQLReconcilingStrategy.extractQueries(SQLReconcilingStrategy.java:284)
	at org.jkiss.dbeaver.ui.editors.sql.syntax.SQLReconcilingStrategy.reconcile(SQLReconcilingStrategy.java:218)
	at org.jkiss.dbeaver.ui.editors.sql.syntax.SQLReconcilingStrategy.reconcile(SQLReconcilingStrategy.java:100)
	at org.eclipse.jface.text.reconciler.MonoReconciler.process(MonoReconciler.java:74)
	at org.eclipse.jface.text.reconciler.AbstractReconciler$BackgroundThread.run(AbstractReconciler.java:207)
2024-08-14 15:17:48.131 - Error positioning on query error
org.eclipse.jface.text.BadLocationException: 5857
	at org.eclipse.jface.text.TreeLineTracker.lineByOffset(TreeLineTracker.java:268)
	at org.eclipse.jface.text.TreeLineTracker.getLineNumberOfOffset(TreeLineTracker.java:1112)
	at org.eclipse.jface.text.AbstractLineTracker.getLineNumberOfOffset(AbstractLineTracker.java:246)
	at org.eclipse.jface.text.AbstractDocument.getLineOfOffset(AbstractDocument.java:863)
	at org.eclipse.core.internal.filebuffers.SynchronizableDocument.getLineOfOffset(SynchronizableDocument.java:334)
	at org.jkiss.dbeaver.ui.editors.sql.SQLEditorBase.visualizeQueryErrors(SQLEditorBase.java:1052)
	at org.jkiss.dbeaver.ui.editors.sql.SQLEditor$SQLEditorQueryListener.processQueryResult(SQLEditor.java:4881)
	at org.jkiss.dbeaver.ui.editors.sql.SQLEditor$SQLEditorQueryListener.lambda$4(SQLEditor.java:4832)
	at org.jkiss.dbeaver.ui.UIUtils$9.runInUIThread(UIUtils.java:1852)
	at org.jkiss.dbeaver.ui.AbstractUIJob.runInUIThread(AbstractUIJob.java:41)
	at org.eclipse.ui.progress.UIJob.lambda$0(UIJob.java:148)
	at org.eclipse.swt.widgets.RunnableLock.run(RunnableLock.java:40)
	at org.eclipse.swt.widgets.Synchronizer.runAsyncMessages(Synchronizer.java:132)
	at org.eclipse.swt.widgets.Display.runAsyncMessages(Display.java:4058)
	at org.eclipse.swt.widgets.Display.readAndDispatch(Display.java:3676)
	at org.eclipse.e4.ui.internal.workbench.swt.PartRenderingEngine$5.run(PartRenderingEngine.java:1151)
	at org.eclipse.core.databinding.observable.Realm.runWithDefault(Realm.java:339)
	at org.eclipse.e4.ui.internal.workbench.swt.PartRenderingEngine.run(PartRenderingEngine.java:1042)
	at org.eclipse.e4.ui.internal.workbench.E4Workbench.createAndRunUI(E4Workbench.java:152)
	at org.eclipse.ui.internal.Workbench.lambda$3(Workbench.java:639)
	at org.eclipse.core.databinding.observable.Realm.runWithDefault(Realm.java:339)
	at org.eclipse.ui.internal.Workbench.createAndRunWorkbench(Workbench.java:546)
	at org.eclipse.ui.PlatformUI.createAndRunWorkbench(PlatformUI.java:173)
	at org.jkiss.dbeaver.ui.app.standalone.DBeaverApplication.start(DBeaverApplication.java:291)
	at org.eclipse.equinox.internal.app.EclipseAppHandle.run(EclipseAppHandle.java:208)
	at org.eclipse.core.runtime.internal.adaptor.EclipseAppLauncher.runApplication(EclipseAppLauncher.java:143)
	at org.eclipse.core.runtime.internal.adaptor.EclipseAppLauncher.start(EclipseAppLauncher.java:109)
	at org.eclipse.core.runtime.adaptor.EclipseStarter.run(EclipseStarter.java:439)
	at org.eclipse.core.runtime.adaptor.EclipseStarter.run(EclipseStarter.java:271)
	at java.base/jdk.internal.reflect.NativeMethodAccessorImpl.invoke0(Native Method)
	at java.base/jdk.internal.reflect.NativeMethodAccessorImpl.invoke(Unknown Source)
	at java.base/jdk.internal.reflect.DelegatingMethodAccessorImpl.invoke(Unknown Source)
	at java.base/java.lang.reflect.Method.invoke(Unknown Source)
	at org.jkiss.dbeaver.launcher.DBeaverLauncher.invokeFramework(DBeaverLauncher.java:648)
	at org.jkiss.dbeaver.launcher.DBeaverLauncher.basicRun(DBeaverLauncher.java:608)
	at org.jkiss.dbeaver.launcher.DBeaverLauncher.run(DBeaverLauncher.java:1459)
2024-08-14 15:17:48.185 - SQL Error [936] [42000]: ORA-00936: 누락된 표현식

org.jkiss.dbeaver.model.sql.DBSQLException: SQL Error [936] [42000]: ORA-00936: 누락된 표현식

	at org.jkiss.dbeaver.model.impl.jdbc.exec.JDBCStatementImpl.executeStatement(JDBCStatementImpl.java:133)
	at org.jkiss.dbeaver.ui.editors.sql.execute.SQLQueryJob.executeStatement(SQLQueryJob.java:615)
	at org.jkiss.dbeaver.ui.editors.sql.execute.SQLQueryJob.lambda$2(SQLQueryJob.java:506)
	at org.jkiss.dbeaver.model.exec.DBExecUtils.tryExecuteRecover(DBExecUtils.java:192)
	at org.jkiss.dbeaver.ui.editors.sql.execute.SQLQueryJob.executeSingleQuery(SQLQueryJob.java:525)
	at org.jkiss.dbeaver.ui.editors.sql.execute.SQLQueryJob.extractData(SQLQueryJob.java:977)
	at org.jkiss.dbeaver.ui.editors.sql.SQLEditor$QueryResultsContainer.readData(SQLEditor.java:4195)
	at org.jkiss.dbeaver.ui.controls.resultset.ResultSetJobDataRead.lambda$0(ResultSetJobDataRead.java:128)
	at org.jkiss.dbeaver.model.exec.DBExecUtils.tryExecuteRecover(DBExecUtils.java:192)
	at org.jkiss.dbeaver.ui.controls.resultset.ResultSetJobDataRead.run(ResultSetJobDataRead.java:126)
	at org.jkiss.dbeaver.ui.controls.resultset.ResultSetViewer$ResultSetDataPumpJob.run(ResultSetViewer.java:5160)
	at org.jkiss.dbeaver.model.runtime.AbstractJob.run(AbstractJob.java:117)
	at org.eclipse.core.internal.jobs.Worker.run(Worker.java:63)
Caused by: java.sql.SQLSyntaxErrorException: ORA-00936: 누락된 표현식

	at oracle.jdbc.driver.T4CTTIoer11.processError(T4CTTIoer11.java:509)
	at oracle.jdbc.driver.T4CTTIoer11.processError(T4CTTIoer11.java:461)
	at oracle.jdbc.driver.T4C8Oall.processError(T4C8Oall.java:1104)
	at oracle.jdbc.driver.T4CTTIfun.receive(T4CTTIfun.java:553)
	at oracle.jdbc.driver.T4CTTIfun.doRPC(T4CTTIfun.java:269)
	at oracle.jdbc.driver.T4C8Oall.doOALL(T4C8Oall.java:655)
	at oracle.jdbc.driver.T4CStatement.doOall8(T4CStatement.java:229)
	at oracle.jdbc.driver.T4CStatement.doOall8(T4CStatement.java:41)
	at oracle.jdbc.driver.T4CStatement.executeForDescribe(T4CStatement.java:765)
	at oracle.jdbc.driver.OracleStatement.executeMaybeDescribe(OracleStatement.java:983)
	at oracle.jdbc.driver.OracleStatement.doExecuteWithTimeout(OracleStatement.java:1168)
	at oracle.jdbc.driver.OracleStatement.executeInternal(OracleStatement.java:1823)
	at oracle.jdbc.driver.OracleStatement.execute(OracleStatement.java:1778)
	at oracle.jdbc.driver.OracleStatementWrapper.execute(OracleStatementWrapper.java:303)
	at org.jkiss.dbeaver.model.impl.jdbc.exec.JDBCStatementImpl.execute(JDBCStatementImpl.java:330)
	at org.jkiss.dbeaver.model.impl.jdbc.exec.JDBCStatementImpl.executeStatement(JDBCStatementImpl.java:131)
	... 12 more
Caused by: Error : 936, Position : 183, Sql = -- 같다(=, 등호 1게!!!)

-- 부서 코드(DEPT_CODE) 가 'D9'이 아닌 사원의
-- 이름, 부서코드 조회
SELECT EMP_NAME, DEPT_CODE 
FROM EMPLOYEE
WHERE DEPT_CODE =! D9, OriginalSql = -- 같다(=, 등호 1게!!!)

-- 부서 코드(DEPT_CODE) 가 'D9'이 아닌 사원의
-- 이름, 부서코드 조회
SELECT EMP_NAME, DEPT_CODE 
FROM EMPLOYEE
WHERE DEPT_CODE =! D9, Error Msg = ORA-00936: 누락된 표현식

	at oracle.jdbc.driver.T4CTTIoer11.processError(T4CTTIoer11.java:513)
	... 27 more
2024-08-14 15:18:03.736 - SQL Error [904] [42000]: ORA-00904: "D9": 부적합한 식별자

org.jkiss.dbeaver.model.sql.DBSQLException: SQL Error [904] [42000]: ORA-00904: "D9": 부적합한 식별자

	at org.jkiss.dbeaver.model.impl.jdbc.exec.JDBCStatementImpl.executeStatement(JDBCStatementImpl.java:133)
	at org.jkiss.dbeaver.ui.editors.sql.execute.SQLQueryJob.executeStatement(SQLQueryJob.java:615)
	at org.jkiss.dbeaver.ui.editors.sql.execute.SQLQueryJob.lambda$2(SQLQueryJob.java:506)
	at org.jkiss.dbeaver.model.exec.DBExecUtils.tryExecuteRecover(DBExecUtils.java:192)
	at org.jkiss.dbeaver.ui.editors.sql.execute.SQLQueryJob.executeSingleQuery(SQLQueryJob.java:525)
	at org.jkiss.dbeaver.ui.editors.sql.execute.SQLQueryJob.extractData(SQLQueryJob.java:977)
	at org.jkiss.dbeaver.ui.editors.sql.SQLEditor$QueryResultsContainer.readData(SQLEditor.java:4195)
	at org.jkiss.dbeaver.ui.controls.resultset.ResultSetJobDataRead.lambda$0(ResultSetJobDataRead.java:128)
	at org.jkiss.dbeaver.model.exec.DBExecUtils.tryExecuteRecover(DBExecUtils.java:192)
	at org.jkiss.dbeaver.ui.controls.resultset.ResultSetJobDataRead.run(ResultSetJobDataRead.java:126)
	at org.jkiss.dbeaver.ui.controls.resultset.ResultSetViewer$ResultSetDataPumpJob.run(ResultSetViewer.java:5160)
	at org.jkiss.dbeaver.model.runtime.AbstractJob.run(AbstractJob.java:117)
	at org.eclipse.core.internal.jobs.Worker.run(Worker.java:63)
Caused by: java.sql.SQLSyntaxErrorException: ORA-00904: "D9": 부적합한 식별자

	at oracle.jdbc.driver.T4CTTIoer11.processError(T4CTTIoer11.java:509)
	at oracle.jdbc.driver.T4CTTIoer11.processError(T4CTTIoer11.java:461)
	at oracle.jdbc.driver.T4C8Oall.processError(T4C8Oall.java:1104)
	at oracle.jdbc.driver.T4CTTIfun.receive(T4CTTIfun.java:553)
	at oracle.jdbc.driver.T4CTTIfun.doRPC(T4CTTIfun.java:269)
	at oracle.jdbc.driver.T4C8Oall.doOALL(T4C8Oall.java:655)
	at oracle.jdbc.driver.T4CStatement.doOall8(T4CStatement.java:229)
	at oracle.jdbc.driver.T4CStatement.doOall8(T4CStatement.java:41)
	at oracle.jdbc.driver.T4CStatement.executeForDescribe(T4CStatement.java:765)
	at oracle.jdbc.driver.OracleStatement.executeMaybeDescribe(OracleStatement.java:983)
	at oracle.jdbc.driver.OracleStatement.doExecuteWithTimeout(OracleStatement.java:1168)
	at oracle.jdbc.driver.OracleStatement.executeInternal(OracleStatement.java:1823)
	at oracle.jdbc.driver.OracleStatement.execute(OracleStatement.java:1778)
	at oracle.jdbc.driver.OracleStatementWrapper.execute(OracleStatementWrapper.java:303)
	at org.jkiss.dbeaver.model.impl.jdbc.exec.JDBCStatementImpl.execute(JDBCStatementImpl.java:330)
	at org.jkiss.dbeaver.model.impl.jdbc.exec.JDBCStatementImpl.executeStatement(JDBCStatementImpl.java:131)
	... 12 more
Caused by: Error : 904, Position : 185, Sql = -- 같다(=, 등호 1게!!!)

-- 부서 코드(DEPT_CODE) 가 'D9'이 아닌 사원의
-- 이름, 부서코드 조회
SELECT EMP_NAME, DEPT_CODE 
FROM EMPLOYEE
WHERE DEPT_CODE != D9, OriginalSql = -- 같다(=, 등호 1게!!!)

-- 부서 코드(DEPT_CODE) 가 'D9'이 아닌 사원의
-- 이름, 부서코드 조회
SELECT EMP_NAME, DEPT_CODE 
FROM EMPLOYEE
WHERE DEPT_CODE != D9, Error Msg = ORA-00904: "D9": 부적합한 식별자

	at oracle.jdbc.driver.T4CTTIoer11.processError(T4CTTIoer11.java:513)
	... 27 more
2024-08-14 15:18:03.793 - Error positioning on query error
org.eclipse.jface.text.BadLocationException: 5859
	at org.eclipse.jface.text.TreeLineTracker.lineByOffset(TreeLineTracker.java:268)
	at org.eclipse.jface.text.TreeLineTracker.getLineNumberOfOffset(TreeLineTracker.java:1112)
	at org.eclipse.jface.text.AbstractLineTracker.getLineNumberOfOffset(AbstractLineTracker.java:246)
	at org.eclipse.jface.text.AbstractDocument.getLineOfOffset(AbstractDocument.java:863)
	at org.eclipse.core.internal.filebuffers.SynchronizableDocument.getLineOfOffset(SynchronizableDocument.java:334)
	at org.jkiss.dbeaver.ui.editors.sql.SQLEditorBase.visualizeQueryErrors(SQLEditorBase.java:1052)
	at org.jkiss.dbeaver.ui.editors.sql.SQLEditor$SQLEditorQueryListener.processQueryResult(SQLEditor.java:4881)
	at org.jkiss.dbeaver.ui.editors.sql.SQLEditor$SQLEditorQueryListener.lambda$4(SQLEditor.java:4832)
	at org.jkiss.dbeaver.ui.UIUtils$9.runInUIThread(UIUtils.java:1852)
	at org.jkiss.dbeaver.ui.AbstractUIJob.runInUIThread(AbstractUIJob.java:41)
	at org.eclipse.ui.progress.UIJob.lambda$0(UIJob.java:148)
	at org.eclipse.swt.widgets.RunnableLock.run(RunnableLock.java:40)
	at org.eclipse.swt.widgets.Synchronizer.runAsyncMessages(Synchronizer.java:132)
	at org.eclipse.swt.widgets.Display.runAsyncMessages(Display.java:4058)
	at org.eclipse.swt.widgets.Display.readAndDispatch(Display.java:3676)
	at org.eclipse.e4.ui.internal.workbench.swt.PartRenderingEngine$5.run(PartRenderingEngine.java:1151)
	at org.eclipse.core.databinding.observable.Realm.runWithDefault(Realm.java:339)
	at org.eclipse.e4.ui.internal.workbench.swt.PartRenderingEngine.run(PartRenderingEngine.java:1042)
	at org.eclipse.e4.ui.internal.workbench.E4Workbench.createAndRunUI(E4Workbench.java:152)
	at org.eclipse.ui.internal.Workbench.lambda$3(Workbench.java:639)
	at org.eclipse.core.databinding.observable.Realm.runWithDefault(Realm.java:339)
	at org.eclipse.ui.internal.Workbench.createAndRunWorkbench(Workbench.java:546)
	at org.eclipse.ui.PlatformUI.createAndRunWorkbench(PlatformUI.java:173)
	at org.jkiss.dbeaver.ui.app.standalone.DBeaverApplication.start(DBeaverApplication.java:291)
	at org.eclipse.equinox.internal.app.EclipseAppHandle.run(EclipseAppHandle.java:208)
	at org.eclipse.core.runtime.internal.adaptor.EclipseAppLauncher.runApplication(EclipseAppLauncher.java:143)
	at org.eclipse.core.runtime.internal.adaptor.EclipseAppLauncher.start(EclipseAppLauncher.java:109)
	at org.eclipse.core.runtime.adaptor.EclipseStarter.run(EclipseStarter.java:439)
	at org.eclipse.core.runtime.adaptor.EclipseStarter.run(EclipseStarter.java:271)
	at java.base/jdk.internal.reflect.NativeMethodAccessorImpl.invoke0(Native Method)
	at java.base/jdk.internal.reflect.NativeMethodAccessorImpl.invoke(Unknown Source)
	at java.base/jdk.internal.reflect.DelegatingMethodAccessorImpl.invoke(Unknown Source)
	at java.base/java.lang.reflect.Method.invoke(Unknown Source)
	at org.jkiss.dbeaver.launcher.DBeaverLauncher.invokeFramework(DBeaverLauncher.java:648)
	at org.jkiss.dbeaver.launcher.DBeaverLauncher.basicRun(DBeaverLauncher.java:608)
	at org.jkiss.dbeaver.launcher.DBeaverLauncher.run(DBeaverLauncher.java:1459)
2024-08-14 15:36:23.151 - Error parsing query
org.eclipse.jface.text.BadLocationException
	at org.eclipse.jface.text.AbstractDocument.get(AbstractDocument.java:958)
	at org.eclipse.core.internal.filebuffers.SynchronizableDocument.get(SynchronizableDocument.java:130)
	at org.jkiss.dbeaver.model.sql.parser.SQLScriptParser.parseQueryImpl(SQLScriptParser.java:134)
	at org.jkiss.dbeaver.model.sql.parser.SQLScriptParser.extractQueryAtPosImpl(SQLScriptParser.java:591)
	at org.jkiss.dbeaver.model.sql.parser.SQLScriptParser.extractQueryAtPos(SQLScriptParser.java:447)
	at org.jkiss.dbeaver.ui.editors.sql.semantics.SQLBackgroundParsingJob.doWork(SQLBackgroundParsingJob.java:501)
	at org.jkiss.dbeaver.ui.editors.sql.semantics.SQLBackgroundParsingJob$1.run(SQLBackgroundParsingJob.java:90)
	at org.jkiss.dbeaver.model.runtime.AbstractJob.run(AbstractJob.java:117)
	at org.eclipse.core.internal.jobs.Worker.run(Worker.java:63)
2024-08-14 15:37:11.661 - SQL Error [933] [42000]: ORA-00933: SQL 명령어가 올바르게 종료되지 않았습니다

org.jkiss.dbeaver.model.sql.DBSQLException: SQL Error [933] [42000]: ORA-00933: SQL 명령어가 올바르게 종료되지 않았습니다

	at org.jkiss.dbeaver.model.impl.jdbc.exec.JDBCStatementImpl.executeStatement(JDBCStatementImpl.java:133)
	at org.jkiss.dbeaver.ui.editors.sql.execute.SQLQueryJob.executeStatement(SQLQueryJob.java:615)
	at org.jkiss.dbeaver.ui.editors.sql.execute.SQLQueryJob.lambda$2(SQLQueryJob.java:506)
	at org.jkiss.dbeaver.model.exec.DBExecUtils.tryExecuteRecover(DBExecUtils.java:192)
	at org.jkiss.dbeaver.ui.editors.sql.execute.SQLQueryJob.executeSingleQuery(SQLQueryJob.java:525)
	at org.jkiss.dbeaver.ui.editors.sql.execute.SQLQueryJob.extractData(SQLQueryJob.java:977)
	at org.jkiss.dbeaver.ui.editors.sql.SQLEditor$QueryResultsContainer.readData(SQLEditor.java:4195)
	at org.jkiss.dbeaver.ui.controls.resultset.ResultSetJobDataRead.lambda$0(ResultSetJobDataRead.java:128)
	at org.jkiss.dbeaver.model.exec.DBExecUtils.tryExecuteRecover(DBExecUtils.java:192)
	at org.jkiss.dbeaver.ui.controls.resultset.ResultSetJobDataRead.run(ResultSetJobDataRead.java:126)
	at org.jkiss.dbeaver.ui.controls.resultset.ResultSetViewer$ResultSetDataPumpJob.run(ResultSetViewer.java:5160)
	at org.jkiss.dbeaver.model.runtime.AbstractJob.run(AbstractJob.java:117)
	at org.eclipse.core.internal.jobs.Worker.run(Worker.java:63)
Caused by: java.sql.SQLSyntaxErrorException: ORA-00933: SQL 명령어가 올바르게 종료되지 않았습니다

	at oracle.jdbc.driver.T4CTTIoer11.processError(T4CTTIoer11.java:509)
	at oracle.jdbc.driver.T4CTTIoer11.processError(T4CTTIoer11.java:461)
	at oracle.jdbc.driver.T4C8Oall.processError(T4C8Oall.java:1104)
	at oracle.jdbc.driver.T4CTTIfun.receive(T4CTTIfun.java:553)
	at oracle.jdbc.driver.T4CTTIfun.doRPC(T4CTTIfun.java:269)
	at oracle.jdbc.driver.T4C8Oall.doOALL(T4C8Oall.java:655)
	at oracle.jdbc.driver.T4CStatement.doOall8(T4CStatement.java:229)
	at oracle.jdbc.driver.T4CStatement.doOall8(T4CStatement.java:41)
	at oracle.jdbc.driver.T4CStatement.executeForDescribe(T4CStatement.java:765)
	at oracle.jdbc.driver.OracleStatement.executeMaybeDescribe(OracleStatement.java:983)
	at oracle.jdbc.driver.OracleStatement.doExecuteWithTimeout(OracleStatement.java:1168)
	at oracle.jdbc.driver.OracleStatement.executeInternal(OracleStatement.java:1823)
	at oracle.jdbc.driver.OracleStatement.execute(OracleStatement.java:1778)
	at oracle.jdbc.driver.OracleStatementWrapper.execute(OracleStatementWrapper.java:303)
	at org.jkiss.dbeaver.model.impl.jdbc.exec.JDBCStatementImpl.execute(JDBCStatementImpl.java:330)
	at org.jkiss.dbeaver.model.impl.jdbc.exec.JDBCStatementImpl.executeStatement(JDBCStatementImpl.java:131)
	... 12 more
Caused by: Error : 933, Position : 361, Sql = -- EMPLOYEE 테이블에서
-- 급여가 300만 이상 500만 미만인 사원의
-- 사번, 이름, 급여 조회
SELECT EMP_ID, EMP_NAME, SALARY 
FROM EMPLOYEE
WHERE SALARY > 3000000 
      OR SALARY < 5000000 -- 23행
      
-- EMPLOYEE 테이블에서
-- 급여가 300만 미만 또는 500만 이상인 사원의
-- 사번, 이름, 급여 조회
SELECT EMP_ID, EMP_NAME, SALARY 
FROM EMPLOYEE
WHERE SALARY < 3000000
      OR SALARY > 5000000

, OriginalSql = -- EMPLOYEE 테이블에서
-- 급여가 300만 이상 500만 미만인 사원의
-- 사번, 이름, 급여 조회
SELECT EMP_ID, EMP_NAME, SALARY 
FROM EMPLOYEE
WHERE SALARY > 3000000 
      OR SALARY < 5000000 -- 23행
      
-- EMPLOYEE 테이블에서
-- 급여가 300만 미만 또는 500만 이상인 사원의
-- 사번, 이름, 급여 조회
SELECT EMP_ID, EMP_NAME, SALARY 
FROM EMPLOYEE
WHERE SALARY < 3000000
      OR SALARY > 5000000

, Error Msg = ORA-00933: SQL 명령어가 올바르게 종료되지 않았습니다

	at oracle.jdbc.driver.T4CTTIoer11.processError(T4CTTIoer11.java:513)
	... 27 more
2024-08-14 15:37:11.722 - Error positioning on query error
org.eclipse.jface.text.BadLocationException: 7370
	at org.eclipse.jface.text.TreeLineTracker.lineByOffset(TreeLineTracker.java:268)
	at org.eclipse.jface.text.TreeLineTracker.getLineNumberOfOffset(TreeLineTracker.java:1112)
	at org.eclipse.jface.text.AbstractLineTracker.getLineNumberOfOffset(AbstractLineTracker.java:246)
	at org.eclipse.jface.text.AbstractDocument.getLineOfOffset(AbstractDocument.java:863)
	at org.eclipse.core.internal.filebuffers.SynchronizableDocument.getLineOfOffset(SynchronizableDocument.java:334)
	at org.jkiss.dbeaver.ui.editors.sql.SQLEditorBase.visualizeQueryErrors(SQLEditorBase.java:1052)
	at org.jkiss.dbeaver.ui.editors.sql.SQLEditor$SQLEditorQueryListener.processQueryResult(SQLEditor.java:4881)
	at org.jkiss.dbeaver.ui.editors.sql.SQLEditor$SQLEditorQueryListener.lambda$4(SQLEditor.java:4832)
	at org.jkiss.dbeaver.ui.UIUtils$9.runInUIThread(UIUtils.java:1852)
	at org.jkiss.dbeaver.ui.AbstractUIJob.runInUIThread(AbstractUIJob.java:41)
	at org.eclipse.ui.progress.UIJob.lambda$0(UIJob.java:148)
	at org.eclipse.swt.widgets.RunnableLock.run(RunnableLock.java:40)
	at org.eclipse.swt.widgets.Synchronizer.runAsyncMessages(Synchronizer.java:132)
	at org.eclipse.swt.widgets.Display.runAsyncMessages(Display.java:4058)
	at org.eclipse.swt.widgets.Display.readAndDispatch(Display.java:3676)
	at org.eclipse.e4.ui.internal.workbench.swt.PartRenderingEngine$5.run(PartRenderingEngine.java:1151)
	at org.eclipse.core.databinding.observable.Realm.runWithDefault(Realm.java:339)
	at org.eclipse.e4.ui.internal.workbench.swt.PartRenderingEngine.run(PartRenderingEngine.java:1042)
	at org.eclipse.e4.ui.internal.workbench.E4Workbench.createAndRunUI(E4Workbench.java:152)
	at org.eclipse.ui.internal.Workbench.lambda$3(Workbench.java:639)
	at org.eclipse.core.databinding.observable.Realm.runWithDefault(Realm.java:339)
	at org.eclipse.ui.internal.Workbench.createAndRunWorkbench(Workbench.java:546)
	at org.eclipse.ui.PlatformUI.createAndRunWorkbench(PlatformUI.java:173)
	at org.jkiss.dbeaver.ui.app.standalone.DBeaverApplication.start(DBeaverApplication.java:291)
	at org.eclipse.equinox.internal.app.EclipseAppHandle.run(EclipseAppHandle.java:208)
	at org.eclipse.core.runtime.internal.adaptor.EclipseAppLauncher.runApplication(EclipseAppLauncher.java:143)
	at org.eclipse.core.runtime.internal.adaptor.EclipseAppLauncher.start(EclipseAppLauncher.java:109)
	at org.eclipse.core.runtime.adaptor.EclipseStarter.run(EclipseStarter.java:439)
	at org.eclipse.core.runtime.adaptor.EclipseStarter.run(EclipseStarter.java:271)
	at java.base/jdk.internal.reflect.NativeMethodAccessorImpl.invoke0(Native Method)
	at java.base/jdk.internal.reflect.NativeMethodAccessorImpl.invoke(Unknown Source)
	at java.base/jdk.internal.reflect.DelegatingMethodAccessorImpl.invoke(Unknown Source)
	at java.base/java.lang.reflect.Method.invoke(Unknown Source)
	at org.jkiss.dbeaver.launcher.DBeaverLauncher.invokeFramework(DBeaverLauncher.java:648)
	at org.jkiss.dbeaver.launcher.DBeaverLauncher.basicRun(DBeaverLauncher.java:608)
	at org.jkiss.dbeaver.launcher.DBeaverLauncher.run(DBeaverLauncher.java:1459)
2024-08-14 15:37:17.589 - SQL Error [933] [42000]: ORA-00933: SQL 명령어가 올바르게 종료되지 않았습니다

org.jkiss.dbeaver.model.sql.DBSQLException: SQL Error [933] [42000]: ORA-00933: SQL 명령어가 올바르게 종료되지 않았습니다

	at org.jkiss.dbeaver.model.impl.jdbc.exec.JDBCStatementImpl.executeStatement(JDBCStatementImpl.java:133)
	at org.jkiss.dbeaver.ui.editors.sql.execute.SQLQueryJob.executeStatement(SQLQueryJob.java:615)
	at org.jkiss.dbeaver.ui.editors.sql.execute.SQLQueryJob.lambda$2(SQLQueryJob.java:506)
	at org.jkiss.dbeaver.model.exec.DBExecUtils.tryExecuteRecover(DBExecUtils.java:192)
	at org.jkiss.dbeaver.ui.editors.sql.execute.SQLQueryJob.executeSingleQuery(SQLQueryJob.java:525)
	at org.jkiss.dbeaver.ui.editors.sql.execute.SQLQueryJob.extractData(SQLQueryJob.java:977)
	at org.jkiss.dbeaver.ui.editors.sql.SQLEditor$QueryResultsContainer.readData(SQLEditor.java:4195)
	at org.jkiss.dbeaver.ui.controls.resultset.ResultSetJobDataRead.lambda$0(ResultSetJobDataRead.java:128)
	at org.jkiss.dbeaver.model.exec.DBExecUtils.tryExecuteRecover(DBExecUtils.java:192)
	at org.jkiss.dbeaver.ui.controls.resultset.ResultSetJobDataRead.run(ResultSetJobDataRead.java:126)
	at org.jkiss.dbeaver.ui.controls.resultset.ResultSetViewer$ResultSetDataPumpJob.run(ResultSetViewer.java:5160)
	at org.jkiss.dbeaver.model.runtime.AbstractJob.run(AbstractJob.java:117)
	at org.eclipse.core.internal.jobs.Worker.run(Worker.java:63)
Caused by: java.sql.SQLSyntaxErrorException: ORA-00933: SQL 명령어가 올바르게 종료되지 않았습니다

	at oracle.jdbc.driver.T4CTTIoer11.processError(T4CTTIoer11.java:509)
	at oracle.jdbc.driver.T4CTTIoer11.processError(T4CTTIoer11.java:461)
	at oracle.jdbc.driver.T4C8Oall.processError(T4C8Oall.java:1104)
	at oracle.jdbc.driver.T4CTTIfun.receive(T4CTTIfun.java:553)
	at oracle.jdbc.driver.T4CTTIfun.doRPC(T4CTTIfun.java:269)
	at oracle.jdbc.driver.T4C8Oall.doOALL(T4C8Oall.java:655)
	at oracle.jdbc.driver.T4CStatement.doOall8(T4CStatement.java:229)
	at oracle.jdbc.driver.T4CStatement.doOall8(T4CStatement.java:41)
	at oracle.jdbc.driver.T4CStatement.executeForDescribe(T4CStatement.java:765)
	at oracle.jdbc.driver.OracleStatement.executeMaybeDescribe(OracleStatement.java:983)
	at oracle.jdbc.driver.OracleStatement.doExecuteWithTimeout(OracleStatement.java:1168)
	at oracle.jdbc.driver.OracleStatement.executeInternal(OracleStatement.java:1823)
	at oracle.jdbc.driver.OracleStatement.execute(OracleStatement.java:1778)
	at oracle.jdbc.driver.OracleStatementWrapper.execute(OracleStatementWrapper.java:303)
	at org.jkiss.dbeaver.model.impl.jdbc.exec.JDBCStatementImpl.execute(JDBCStatementImpl.java:330)
	at org.jkiss.dbeaver.model.impl.jdbc.exec.JDBCStatementImpl.executeStatement(JDBCStatementImpl.java:131)
	... 12 more
Caused by: Error : 933, Position : 361, Sql = -- EMPLOYEE 테이블에서
-- 급여가 300만 이상 500만 미만인 사원의
-- 사번, 이름, 급여 조회
SELECT EMP_ID, EMP_NAME, SALARY 
FROM EMPLOYEE
WHERE SALARY > 3000000 
      OR SALARY < 5000000 -- 23행
      
-- EMPLOYEE 테이블에서
-- 급여가 300만 미만 또는 500만 이상인 사원의
-- 사번, 이름, 급여 조회
SELECT EMP_ID, EMP_NAME, SALARY 
FROM EMPLOYEE
WHERE SALARY < 3000000
      OR SALARY > 5000000, OriginalSql = -- EMPLOYEE 테이블에서
-- 급여가 300만 이상 500만 미만인 사원의
-- 사번, 이름, 급여 조회
SELECT EMP_ID, EMP_NAME, SALARY 
FROM EMPLOYEE
WHERE SALARY > 3000000 
      OR SALARY < 5000000 -- 23행
      
-- EMPLOYEE 테이블에서
-- 급여가 300만 미만 또는 500만 이상인 사원의
-- 사번, 이름, 급여 조회
SELECT EMP_ID, EMP_NAME, SALARY 
FROM EMPLOYEE
WHERE SALARY < 3000000
      OR SALARY > 5000000, Error Msg = ORA-00933: SQL 명령어가 올바르게 종료되지 않았습니다

	at oracle.jdbc.driver.T4CTTIoer11.processError(T4CTTIoer11.java:513)
	... 27 more
2024-08-14 15:37:17.640 - Error positioning on query error
org.eclipse.jface.text.BadLocationException: 7370
	at org.eclipse.jface.text.TreeLineTracker.lineByOffset(TreeLineTracker.java:268)
	at org.eclipse.jface.text.TreeLineTracker.getLineNumberOfOffset(TreeLineTracker.java:1112)
	at org.eclipse.jface.text.AbstractLineTracker.getLineNumberOfOffset(AbstractLineTracker.java:246)
	at org.eclipse.jface.text.AbstractDocument.getLineOfOffset(AbstractDocument.java:863)
	at org.eclipse.core.internal.filebuffers.SynchronizableDocument.getLineOfOffset(SynchronizableDocument.java:334)
	at org.jkiss.dbeaver.ui.editors.sql.SQLEditorBase.visualizeQueryErrors(SQLEditorBase.java:1052)
	at org.jkiss.dbeaver.ui.editors.sql.SQLEditor$SQLEditorQueryListener.processQueryResult(SQLEditor.java:4881)
	at org.jkiss.dbeaver.ui.editors.sql.SQLEditor$SQLEditorQueryListener.lambda$4(SQLEditor.java:4832)
	at org.jkiss.dbeaver.ui.UIUtils$9.runInUIThread(UIUtils.java:1852)
	at org.jkiss.dbeaver.ui.AbstractUIJob.runInUIThread(AbstractUIJob.java:41)
	at org.eclipse.ui.progress.UIJob.lambda$0(UIJob.java:148)
	at org.eclipse.swt.widgets.RunnableLock.run(RunnableLock.java:40)
	at org.eclipse.swt.widgets.Synchronizer.runAsyncMessages(Synchronizer.java:132)
	at org.eclipse.swt.widgets.Display.runAsyncMessages(Display.java:4058)
	at org.eclipse.swt.widgets.Display.readAndDispatch(Display.java:3676)
	at org.eclipse.e4.ui.internal.workbench.swt.PartRenderingEngine$5.run(PartRenderingEngine.java:1151)
	at org.eclipse.core.databinding.observable.Realm.runWithDefault(Realm.java:339)
	at org.eclipse.e4.ui.internal.workbench.swt.PartRenderingEngine.run(PartRenderingEngine.java:1042)
	at org.eclipse.e4.ui.internal.workbench.E4Workbench.createAndRunUI(E4Workbench.java:152)
	at org.eclipse.ui.internal.Workbench.lambda$3(Workbench.java:639)
	at org.eclipse.core.databinding.observable.Realm.runWithDefault(Realm.java:339)
	at org.eclipse.ui.internal.Workbench.createAndRunWorkbench(Workbench.java:546)
	at org.eclipse.ui.PlatformUI.createAndRunWorkbench(PlatformUI.java:173)
	at org.jkiss.dbeaver.ui.app.standalone.DBeaverApplication.start(DBeaverApplication.java:291)
	at org.eclipse.equinox.internal.app.EclipseAppHandle.run(EclipseAppHandle.java:208)
	at org.eclipse.core.runtime.internal.adaptor.EclipseAppLauncher.runApplication(EclipseAppLauncher.java:143)
	at org.eclipse.core.runtime.internal.adaptor.EclipseAppLauncher.start(EclipseAppLauncher.java:109)
	at org.eclipse.core.runtime.adaptor.EclipseStarter.run(EclipseStarter.java:439)
	at org.eclipse.core.runtime.adaptor.EclipseStarter.run(EclipseStarter.java:271)
	at java.base/jdk.internal.reflect.NativeMethodAccessorImpl.invoke0(Native Method)
	at java.base/jdk.internal.reflect.NativeMethodAccessorImpl.invoke(Unknown Source)
	at java.base/jdk.internal.reflect.DelegatingMethodAccessorImpl.invoke(Unknown Source)
	at java.base/java.lang.reflect.Method.invoke(Unknown Source)
	at org.jkiss.dbeaver.launcher.DBeaverLauncher.invokeFramework(DBeaverLauncher.java:648)
	at org.jkiss.dbeaver.launcher.DBeaverLauncher.basicRun(DBeaverLauncher.java:608)
	at org.jkiss.dbeaver.launcher.DBeaverLauncher.run(DBeaverLauncher.java:1459)
2024-08-14 16:21:37.757 - SQL Error [900] [42000]: ORA-00900: SQL 문이 부적합합니다


Error position: line: 456 pos: 19
org.jkiss.dbeaver.model.sql.DBSQLException: SQL Error [900] [42000]: ORA-00900: SQL 문이 부적합합니다

	at org.jkiss.dbeaver.model.impl.jdbc.exec.JDBCStatementImpl.executeStatement(JDBCStatementImpl.java:133)
	at org.jkiss.dbeaver.ui.editors.sql.execute.SQLQueryJob.executeStatement(SQLQueryJob.java:615)
	at org.jkiss.dbeaver.ui.editors.sql.execute.SQLQueryJob.lambda$2(SQLQueryJob.java:506)
	at org.jkiss.dbeaver.model.exec.DBExecUtils.tryExecuteRecover(DBExecUtils.java:192)
	at org.jkiss.dbeaver.ui.editors.sql.execute.SQLQueryJob.executeSingleQuery(SQLQueryJob.java:525)
	at org.jkiss.dbeaver.ui.editors.sql.execute.SQLQueryJob.extractData(SQLQueryJob.java:977)
	at org.jkiss.dbeaver.ui.editors.sql.SQLEditor$QueryResultsContainer.readData(SQLEditor.java:4195)
	at org.jkiss.dbeaver.ui.controls.resultset.ResultSetJobDataRead.lambda$0(ResultSetJobDataRead.java:128)
	at org.jkiss.dbeaver.model.exec.DBExecUtils.tryExecuteRecover(DBExecUtils.java:192)
	at org.jkiss.dbeaver.ui.controls.resultset.ResultSetJobDataRead.run(ResultSetJobDataRead.java:126)
	at org.jkiss.dbeaver.ui.controls.resultset.ResultSetViewer$ResultSetDataPumpJob.run(ResultSetViewer.java:5160)
	at org.jkiss.dbeaver.model.runtime.AbstractJob.run(AbstractJob.java:117)
	at org.eclipse.core.internal.jobs.Worker.run(Worker.java:63)
Caused by: java.sql.SQLSyntaxErrorException: ORA-00900: SQL 문이 부적합합니다

	at oracle.jdbc.driver.T4CTTIoer11.processError(T4CTTIoer11.java:509)
	at oracle.jdbc.driver.T4CTTIoer11.processError(T4CTTIoer11.java:461)
	at oracle.jdbc.driver.T4C8Oall.processError(T4C8Oall.java:1104)
	at oracle.jdbc.driver.T4CTTIfun.receive(T4CTTIfun.java:553)
	at oracle.jdbc.driver.T4CTTIfun.doRPC(T4CTTIfun.java:269)
	at oracle.jdbc.driver.T4C8Oall.doOALL(T4C8Oall.java:655)
	at oracle.jdbc.driver.T4CStatement.doOall8(T4CStatement.java:229)
	at oracle.jdbc.driver.T4CStatement.doOall8(T4CStatement.java:41)
	at oracle.jdbc.driver.T4CStatement.executeForRows(T4CStatement.java:928)
	at oracle.jdbc.driver.OracleStatement.doExecuteWithTimeout(OracleStatement.java:1205)
	at oracle.jdbc.driver.OracleStatement.executeInternal(OracleStatement.java:1823)
	at oracle.jdbc.driver.OracleStatement.execute(OracleStatement.java:1778)
	at oracle.jdbc.driver.OracleStatementWrapper.execute(OracleStatementWrapper.java:303)
	at org.jkiss.dbeaver.model.impl.jdbc.exec.JDBCStatementImpl.execute(JDBCStatementImpl.java:330)
	at org.jkiss.dbeaver.model.impl.jdbc.exec.JDBCStatementImpl.executeStatement(JDBCStatementImpl.java:131)
	... 12 more
Caused by: Error : 900, Position : 19, Sql = -- 11행 조회

FROM EMPLOYEE, OriginalSql = -- 11행 조회

FROM EMPLOYEE, Error Msg = ORA-00900: SQL 문이 부적합합니다

	at oracle.jdbc.driver.T4CTTIoer11.processError(T4CTTIoer11.java:513)
	... 26 more
2024-08-14 16:21:48.335 - SQL Error [900] [42000]: ORA-00900: SQL 문이 부적합합니다


Error position: line: 456 pos: 19
org.jkiss.dbeaver.model.sql.DBSQLException: SQL Error [900] [42000]: ORA-00900: SQL 문이 부적합합니다

	at org.jkiss.dbeaver.model.impl.jdbc.exec.JDBCStatementImpl.executeStatement(JDBCStatementImpl.java:133)
	at org.jkiss.dbeaver.ui.editors.sql.execute.SQLQueryJob.executeStatement(SQLQueryJob.java:615)
	at org.jkiss.dbeaver.ui.editors.sql.execute.SQLQueryJob.lambda$2(SQLQueryJob.java:506)
	at org.jkiss.dbeaver.model.exec.DBExecUtils.tryExecuteRecover(DBExecUtils.java:192)
	at org.jkiss.dbeaver.ui.editors.sql.execute.SQLQueryJob.executeSingleQuery(SQLQueryJob.java:525)
	at org.jkiss.dbeaver.ui.editors.sql.execute.SQLQueryJob.extractData(SQLQueryJob.java:977)
	at org.jkiss.dbeaver.ui.editors.sql.SQLEditor$QueryResultsContainer.readData(SQLEditor.java:4195)
	at org.jkiss.dbeaver.ui.controls.resultset.ResultSetJobDataRead.lambda$0(ResultSetJobDataRead.java:128)
	at org.jkiss.dbeaver.model.exec.DBExecUtils.tryExecuteRecover(DBExecUtils.java:192)
	at org.jkiss.dbeaver.ui.controls.resultset.ResultSetJobDataRead.run(ResultSetJobDataRead.java:126)
	at org.jkiss.dbeaver.ui.controls.resultset.ResultSetViewer$ResultSetDataPumpJob.run(ResultSetViewer.java:5160)
	at org.jkiss.dbeaver.model.runtime.AbstractJob.run(AbstractJob.java:117)
	at org.eclipse.core.internal.jobs.Worker.run(Worker.java:63)
Caused by: java.sql.SQLSyntaxErrorException: ORA-00900: SQL 문이 부적합합니다

	at oracle.jdbc.driver.T4CTTIoer11.processError(T4CTTIoer11.java:509)
	at oracle.jdbc.driver.T4CTTIoer11.processError(T4CTTIoer11.java:461)
	at oracle.jdbc.driver.T4C8Oall.processError(T4C8Oall.java:1104)
	at oracle.jdbc.driver.T4CTTIfun.receive(T4CTTIfun.java:553)
	at oracle.jdbc.driver.T4CTTIfun.doRPC(T4CTTIfun.java:269)
	at oracle.jdbc.driver.T4C8Oall.doOALL(T4C8Oall.java:655)
	at oracle.jdbc.driver.T4CStatement.doOall8(T4CStatement.java:229)
	at oracle.jdbc.driver.T4CStatement.doOall8(T4CStatement.java:41)
	at oracle.jdbc.driver.T4CStatement.executeForRows(T4CStatement.java:928)
	at oracle.jdbc.driver.OracleStatement.doExecuteWithTimeout(OracleStatement.java:1205)
	at oracle.jdbc.driver.OracleStatement.executeInternal(OracleStatement.java:1823)
	at oracle.jdbc.driver.OracleStatement.execute(OracleStatement.java:1778)
	at oracle.jdbc.driver.OracleStatementWrapper.execute(OracleStatementWrapper.java:303)
	at org.jkiss.dbeaver.model.impl.jdbc.exec.JDBCStatementImpl.execute(JDBCStatementImpl.java:330)
	at org.jkiss.dbeaver.model.impl.jdbc.exec.JDBCStatementImpl.executeStatement(JDBCStatementImpl.java:131)
	... 12 more
Caused by: Error : 900, Position : 19, Sql = -- 11행 조회

FROM EMPLOYEE, OriginalSql = -- 11행 조회

FROM EMPLOYEE, Error Msg = ORA-00900: SQL 문이 부적합합니다

	at oracle.jdbc.driver.T4CTTIoer11.processError(T4CTTIoer11.java:513)
	... 26 more
2024-08-14 16:21:50.748 - SQL Error [900] [42000]: ORA-00900: SQL 문이 부적합합니다

org.jkiss.dbeaver.model.sql.DBSQLException: SQL Error [900] [42000]: ORA-00900: SQL 문이 부적합합니다

	at org.jkiss.dbeaver.model.impl.jdbc.exec.JDBCStatementImpl.executeStatement(JDBCStatementImpl.java:133)
	at org.jkiss.dbeaver.ui.editors.sql.execute.SQLQueryJob.executeStatement(SQLQueryJob.java:615)
	at org.jkiss.dbeaver.ui.editors.sql.execute.SQLQueryJob.lambda$2(SQLQueryJob.java:506)
	at org.jkiss.dbeaver.model.exec.DBExecUtils.tryExecuteRecover(DBExecUtils.java:192)
	at org.jkiss.dbeaver.ui.editors.sql.execute.SQLQueryJob.executeSingleQuery(SQLQueryJob.java:525)
	at org.jkiss.dbeaver.ui.editors.sql.execute.SQLQueryJob.extractData(SQLQueryJob.java:977)
	at org.jkiss.dbeaver.ui.editors.sql.SQLEditor$QueryResultsContainer.readData(SQLEditor.java:4195)
	at org.jkiss.dbeaver.ui.controls.resultset.ResultSetJobDataRead.lambda$0(ResultSetJobDataRead.java:128)
	at org.jkiss.dbeaver.model.exec.DBExecUtils.tryExecuteRecover(DBExecUtils.java:192)
	at org.jkiss.dbeaver.ui.controls.resultset.ResultSetJobDataRead.run(ResultSetJobDataRead.java:126)
	at org.jkiss.dbeaver.ui.controls.resultset.ResultSetViewer$ResultSetDataPumpJob.run(ResultSetViewer.java:5160)
	at org.jkiss.dbeaver.model.runtime.AbstractJob.run(AbstractJob.java:117)
	at org.eclipse.core.internal.jobs.Worker.run(Worker.java:63)
Caused by: java.sql.SQLSyntaxErrorException: ORA-00900: SQL 문이 부적합합니다

	at oracle.jdbc.driver.T4CTTIoer11.processError(T4CTTIoer11.java:509)
	at oracle.jdbc.driver.T4CTTIoer11.processError(T4CTTIoer11.java:461)
	at oracle.jdbc.driver.T4C8Oall.processError(T4C8Oall.java:1104)
	at oracle.jdbc.driver.T4CTTIfun.receive(T4CTTIfun.java:553)
	at oracle.jdbc.driver.T4CTTIfun.doRPC(T4CTTIfun.java:269)
	at oracle.jdbc.driver.T4C8Oall.doOALL(T4C8Oall.java:655)
	at oracle.jdbc.driver.T4CStatement.doOall8(T4CStatement.java:229)
	at oracle.jdbc.driver.T4CStatement.doOall8(T4CStatement.java:41)
	at oracle.jdbc.driver.T4CStatement.executeForRows(T4CStatement.java:928)
	at oracle.jdbc.driver.OracleStatement.doExecuteWithTimeout(OracleStatement.java:1205)
	at oracle.jdbc.driver.OracleStatement.executeInternal(OracleStatement.java:1823)
	at oracle.jdbc.driver.OracleStatement.execute(OracleStatement.java:1778)
	at oracle.jdbc.driver.OracleStatementWrapper.execute(OracleStatementWrapper.java:303)
	at org.jkiss.dbeaver.model.impl.jdbc.exec.JDBCStatementImpl.execute(JDBCStatementImpl.java:330)
	at org.jkiss.dbeaver.model.impl.jdbc.exec.JDBCStatementImpl.executeStatement(JDBCStatementImpl.java:131)
	... 12 more
Caused by: Error : 900, Position : 19, Sql = -- 11행 조회

FROM EMPLOYEE, OriginalSql = -- 11행 조회

FROM EMPLOYEE, Error Msg = ORA-00900: SQL 문이 부적합합니다

	at oracle.jdbc.driver.T4CTTIoer11.processError(T4CTTIoer11.java:513)
	... 26 more
2024-08-14 16:22:08.209 - Event loop exception
java.lang.IllegalArgumentException: Index out of bounds
	at org.eclipse.swt.SWT.error(SWT.java:4903)
	at org.eclipse.swt.SWT.error(SWT.java:4837)
	at org.eclipse.swt.SWT.error(SWT.java:4808)
	at org.eclipse.swt.custom.StyledText.getTextBounds(StyledText.java:4887)
	at org.jkiss.dbeaver.ui.editors.sql.util.SQLAnnotationHover$LinkListInformationControl.setVisible(SQLAnnotationHover.java:274)
	at org.eclipse.jface.text.AbstractInformationControlManager.showInformationControl(AbstractInformationControlManager.java:1240)
	at org.eclipse.jface.text.source.AnnotationBarHoverManager.showInformationControl(AnnotationBarHoverManager.java:353)
	at org.eclipse.jface.text.AbstractInformationControlManager.internalShowInformationControl(AbstractInformationControlManager.java:1191)
	at org.eclipse.jface.text.AbstractInformationControlManager.presentInformation(AbstractInformationControlManager.java:1120)
	at org.eclipse.jface.text.AbstractHoverInformationControlManager.presentInformation(AbstractHoverInformationControlManager.java:884)
	at org.eclipse.jface.text.AbstractInformationControlManager.setInformation(AbstractInformationControlManager.java:431)
	at org.eclipse.jface.text.source.AnnotationBarHoverManager.computeInformation(AnnotationBarHoverManager.java:340)
	at org.eclipse.jface.text.AbstractInformationControlManager.doShowInformation(AbstractInformationControlManager.java:1101)
	at org.eclipse.jface.text.AbstractHoverInformationControlManager$MouseTracker.mouseHover(AbstractHoverInformationControlManager.java:511)
	at org.eclipse.swt.widgets.TypedListener.handleEvent(TypedListener.java:225)
	at org.eclipse.swt.widgets.EventTable.sendEvent(EventTable.java:91)
	at org.eclipse.swt.widgets.Display.sendEvent(Display.java:4285)
	at org.eclipse.swt.widgets.Widget.sendEvent(Widget.java:1160)
	at org.eclipse.swt.widgets.Display.runDeferredEvents(Display.java:4083)
	at org.eclipse.swt.widgets.Display.readAndDispatch(Display.java:3673)
	at org.eclipse.e4.ui.internal.workbench.swt.PartRenderingEngine$5.run(PartRenderingEngine.java:1151)
	at org.eclipse.core.databinding.observable.Realm.runWithDefault(Realm.java:339)
	at org.eclipse.e4.ui.internal.workbench.swt.PartRenderingEngine.run(PartRenderingEngine.java:1042)
	at org.eclipse.e4.ui.internal.workbench.E4Workbench.createAndRunUI(E4Workbench.java:152)
	at org.eclipse.ui.internal.Workbench.lambda$3(Workbench.java:639)
	at org.eclipse.core.databinding.observable.Realm.runWithDefault(Realm.java:339)
	at org.eclipse.ui.internal.Workbench.createAndRunWorkbench(Workbench.java:546)
	at org.eclipse.ui.PlatformUI.createAndRunWorkbench(PlatformUI.java:173)
	at org.jkiss.dbeaver.ui.app.standalone.DBeaverApplication.start(DBeaverApplication.java:291)
	at org.eclipse.equinox.internal.app.EclipseAppHandle.run(EclipseAppHandle.java:208)
	at org.eclipse.core.runtime.internal.adaptor.EclipseAppLauncher.runApplication(EclipseAppLauncher.java:143)
	at org.eclipse.core.runtime.internal.adaptor.EclipseAppLauncher.start(EclipseAppLauncher.java:109)
	at org.eclipse.core.runtime.adaptor.EclipseStarter.run(EclipseStarter.java:439)
	at org.eclipse.core.runtime.adaptor.EclipseStarter.run(EclipseStarter.java:271)
	at java.base/jdk.internal.reflect.NativeMethodAccessorImpl.invoke0(Native Method)
	at java.base/jdk.internal.reflect.NativeMethodAccessorImpl.invoke(Unknown Source)
	at java.base/jdk.internal.reflect.DelegatingMethodAccessorImpl.invoke(Unknown Source)
	at java.base/java.lang.reflect.Method.invoke(Unknown Source)
	at org.jkiss.dbeaver.launcher.DBeaverLauncher.invokeFramework(DBeaverLauncher.java:648)
	at org.jkiss.dbeaver.launcher.DBeaverLauncher.basicRun(DBeaverLauncher.java:608)
	at org.jkiss.dbeaver.launcher.DBeaverLauncher.run(DBeaverLauncher.java:1459)
2024-08-14 16:22:29.966 - Event loop exception
java.lang.IllegalArgumentException: Index out of bounds
	at org.eclipse.swt.SWT.error(SWT.java:4903)
	at org.eclipse.swt.SWT.error(SWT.java:4837)
	at org.eclipse.swt.SWT.error(SWT.java:4808)
	at org.eclipse.swt.custom.StyledText.getTextBounds(StyledText.java:4887)
	at org.jkiss.dbeaver.ui.editors.sql.util.SQLAnnotationHover$LinkListInformationControl.setVisible(SQLAnnotationHover.java:274)
	at org.eclipse.jface.text.AbstractInformationControlManager.showInformationControl(AbstractInformationControlManager.java:1240)
	at org.eclipse.jface.text.source.AnnotationBarHoverManager.showInformationControl(AnnotationBarHoverManager.java:353)
	at org.eclipse.jface.text.AbstractInformationControlManager.internalShowInformationControl(AbstractInformationControlManager.java:1191)
	at org.eclipse.jface.text.AbstractInformationControlManager.presentInformation(AbstractInformationControlManager.java:1120)
	at org.eclipse.jface.text.AbstractHoverInformationControlManager.presentInformation(AbstractHoverInformationControlManager.java:884)
	at org.eclipse.jface.text.AbstractInformationControlManager.setInformation(AbstractInformationControlManager.java:431)
	at org.eclipse.jface.text.source.AnnotationBarHoverManager.computeInformation(AnnotationBarHoverManager.java:340)
	at org.eclipse.jface.text.AbstractInformationControlManager.doShowInformation(AbstractInformationControlManager.java:1101)
	at org.eclipse.jface.text.AbstractHoverInformationControlManager$MouseTracker.mouseHover(AbstractHoverInformationControlManager.java:511)
	at org.eclipse.swt.widgets.TypedListener.handleEvent(TypedListener.java:225)
	at org.eclipse.swt.widgets.EventTable.sendEvent(EventTable.java:91)
	at org.eclipse.swt.widgets.Display.sendEvent(Display.java:4285)
	at org.eclipse.swt.widgets.Widget.sendEvent(Widget.java:1160)
	at org.eclipse.swt.widgets.Display.runDeferredEvents(Display.java:4083)
	at org.eclipse.swt.widgets.Display.readAndDispatch(Display.java:3673)
	at org.eclipse.e4.ui.internal.workbench.swt.PartRenderingEngine$5.run(PartRenderingEngine.java:1151)
	at org.eclipse.core.databinding.observable.Realm.runWithDefault(Realm.java:339)
	at org.eclipse.e4.ui.internal.workbench.swt.PartRenderingEngine.run(PartRenderingEngine.java:1042)
	at org.eclipse.e4.ui.internal.workbench.E4Workbench.createAndRunUI(E4Workbench.java:152)
	at org.eclipse.ui.internal.Workbench.lambda$3(Workbench.java:639)
	at org.eclipse.core.databinding.observable.Realm.runWithDefault(Realm.java:339)
	at org.eclipse.ui.internal.Workbench.createAndRunWorkbench(Workbench.java:546)
	at org.eclipse.ui.PlatformUI.createAndRunWorkbench(PlatformUI.java:173)
	at org.jkiss.dbeaver.ui.app.standalone.DBeaverApplication.start(DBeaverApplication.java:291)
	at org.eclipse.equinox.internal.app.EclipseAppHandle.run(EclipseAppHandle.java:208)
	at org.eclipse.core.runtime.internal.adaptor.EclipseAppLauncher.runApplication(EclipseAppLauncher.java:143)
	at org.eclipse.core.runtime.internal.adaptor.EclipseAppLauncher.start(EclipseAppLauncher.java:109)
	at org.eclipse.core.runtime.adaptor.EclipseStarter.run(EclipseStarter.java:439)
	at org.eclipse.core.runtime.adaptor.EclipseStarter.run(EclipseStarter.java:271)
	at java.base/jdk.internal.reflect.NativeMethodAccessorImpl.invoke0(Native Method)
	at java.base/jdk.internal.reflect.NativeMethodAccessorImpl.invoke(Unknown Source)
	at java.base/jdk.internal.reflect.DelegatingMethodAccessorImpl.invoke(Unknown Source)
	at java.base/java.lang.reflect.Method.invoke(Unknown Source)
	at org.jkiss.dbeaver.launcher.DBeaverLauncher.invokeFramework(DBeaverLauncher.java:648)
	at org.jkiss.dbeaver.launcher.DBeaverLauncher.basicRun(DBeaverLauncher.java:608)
	at org.jkiss.dbeaver.launcher.DBeaverLauncher.run(DBeaverLauncher.java:1459)
2024-08-14 16:22:34.543 - Event loop exception
java.lang.IllegalArgumentException: Index out of bounds
	at org.eclipse.swt.SWT.error(SWT.java:4903)
	at org.eclipse.swt.SWT.error(SWT.java:4837)
	at org.eclipse.swt.SWT.error(SWT.java:4808)
	at org.eclipse.swt.custom.StyledText.getTextBounds(StyledText.java:4887)
	at org.jkiss.dbeaver.ui.editors.sql.util.SQLAnnotationHover$LinkListInformationControl.setVisible(SQLAnnotationHover.java:274)
	at org.eclipse.jface.text.AbstractInformationControlManager.showInformationControl(AbstractInformationControlManager.java:1240)
	at org.eclipse.jface.text.source.AnnotationBarHoverManager.showInformationControl(AnnotationBarHoverManager.java:353)
	at org.eclipse.jface.text.AbstractInformationControlManager.internalShowInformationControl(AbstractInformationControlManager.java:1191)
	at org.eclipse.jface.text.AbstractInformationControlManager.presentInformation(AbstractInformationControlManager.java:1120)
	at org.eclipse.jface.text.AbstractHoverInformationControlManager.presentInformation(AbstractHoverInformationControlManager.java:884)
	at org.eclipse.jface.text.AbstractInformationControlManager.setInformation(AbstractInformationControlManager.java:431)
	at org.eclipse.jface.text.source.AnnotationBarHoverManager.computeInformation(AnnotationBarHoverManager.java:340)
	at org.eclipse.jface.text.AbstractInformationControlManager.doShowInformation(AbstractInformationControlManager.java:1101)
	at org.eclipse.jface.text.AbstractHoverInformationControlManager$MouseTracker.mouseHover(AbstractHoverInformationControlManager.java:511)
	at org.eclipse.swt.widgets.TypedListener.handleEvent(TypedListener.java:225)
	at org.eclipse.swt.widgets.EventTable.sendEvent(EventTable.java:91)
	at org.eclipse.swt.widgets.Display.sendEvent(Display.java:4285)
	at org.eclipse.swt.widgets.Widget.sendEvent(Widget.java:1160)
	at org.eclipse.swt.widgets.Display.runDeferredEvents(Display.java:4083)
	at org.eclipse.swt.widgets.Display.readAndDispatch(Display.java:3673)
	at org.eclipse.e4.ui.internal.workbench.swt.PartRenderingEngine$5.run(PartRenderingEngine.java:1151)
	at org.eclipse.core.databinding.observable.Realm.runWithDefault(Realm.java:339)
	at org.eclipse.e4.ui.internal.workbench.swt.PartRenderingEngine.run(PartRenderingEngine.java:1042)
	at org.eclipse.e4.ui.internal.workbench.E4Workbench.createAndRunUI(E4Workbench.java:152)
	at org.eclipse.ui.internal.Workbench.lambda$3(Workbench.java:639)
	at org.eclipse.core.databinding.observable.Realm.runWithDefault(Realm.java:339)
	at org.eclipse.ui.internal.Workbench.createAndRunWorkbench(Workbench.java:546)
	at org.eclipse.ui.PlatformUI.createAndRunWorkbench(PlatformUI.java:173)
	at org.jkiss.dbeaver.ui.app.standalone.DBeaverApplication.start(DBeaverApplication.java:291)
	at org.eclipse.equinox.internal.app.EclipseAppHandle.run(EclipseAppHandle.java:208)
	at org.eclipse.core.runtime.internal.adaptor.EclipseAppLauncher.runApplication(EclipseAppLauncher.java:143)
	at org.eclipse.core.runtime.internal.adaptor.EclipseAppLauncher.start(EclipseAppLauncher.java:109)
	at org.eclipse.core.runtime.adaptor.EclipseStarter.run(EclipseStarter.java:439)
	at org.eclipse.core.runtime.adaptor.EclipseStarter.run(EclipseStarter.java:271)
	at java.base/jdk.internal.reflect.NativeMethodAccessorImpl.invoke0(Native Method)
	at java.base/jdk.internal.reflect.NativeMethodAccessorImpl.invoke(Unknown Source)
	at java.base/jdk.internal.reflect.DelegatingMethodAccessorImpl.invoke(Unknown Source)
	at java.base/java.lang.reflect.Method.invoke(Unknown Source)
	at org.jkiss.dbeaver.launcher.DBeaverLauncher.invokeFramework(DBeaverLauncher.java:648)
	at org.jkiss.dbeaver.launcher.DBeaverLauncher.basicRun(DBeaverLauncher.java:608)
	at org.jkiss.dbeaver.launcher.DBeaverLauncher.run(DBeaverLauncher.java:1459)
2024-08-14 16:22:40.729 - Event loop exception
java.lang.IllegalArgumentException: Index out of bounds
	at org.eclipse.swt.SWT.error(SWT.java:4903)
	at org.eclipse.swt.SWT.error(SWT.java:4837)
	at org.eclipse.swt.SWT.error(SWT.java:4808)
	at org.eclipse.swt.custom.StyledText.getTextBounds(StyledText.java:4887)
	at org.jkiss.dbeaver.ui.editors.sql.util.SQLAnnotationHover$LinkListInformationControl.setVisible(SQLAnnotationHover.java:274)
	at org.eclipse.jface.text.AbstractInformationControlManager.showInformationControl(AbstractInformationControlManager.java:1240)
	at org.eclipse.jface.text.source.AnnotationBarHoverManager.showInformationControl(AnnotationBarHoverManager.java:353)
	at org.eclipse.jface.text.AbstractInformationControlManager.internalShowInformationControl(AbstractInformationControlManager.java:1191)
	at org.eclipse.jface.text.AbstractInformationControlManager.presentInformation(AbstractInformationControlManager.java:1120)
	at org.eclipse.jface.text.AbstractHoverInformationControlManager.presentInformation(AbstractHoverInformationControlManager.java:884)
	at org.eclipse.jface.text.AbstractInformationControlManager.setInformation(AbstractInformationControlManager.java:431)
	at org.eclipse.jface.text.source.AnnotationBarHoverManager.computeInformation(AnnotationBarHoverManager.java:340)
	at org.eclipse.jface.text.AbstractInformationControlManager.doShowInformation(AbstractInformationControlManager.java:1101)
	at org.eclipse.jface.text.AbstractHoverInformationControlManager$MouseTracker.mouseHover(AbstractHoverInformationControlManager.java:511)
	at org.eclipse.swt.widgets.TypedListener.handleEvent(TypedListener.java:225)
	at org.eclipse.swt.widgets.EventTable.sendEvent(EventTable.java:91)
	at org.eclipse.swt.widgets.Display.sendEvent(Display.java:4285)
	at org.eclipse.swt.widgets.Widget.sendEvent(Widget.java:1160)
	at org.eclipse.swt.widgets.Display.runDeferredEvents(Display.java:4083)
	at org.eclipse.swt.widgets.Display.readAndDispatch(Display.java:3673)
	at org.eclipse.e4.ui.internal.workbench.swt.PartRenderingEngine$5.run(PartRenderingEngine.java:1151)
	at org.eclipse.core.databinding.observable.Realm.runWithDefault(Realm.java:339)
	at org.eclipse.e4.ui.internal.workbench.swt.PartRenderingEngine.run(PartRenderingEngine.java:1042)
	at org.eclipse.e4.ui.internal.workbench.E4Workbench.createAndRunUI(E4Workbench.java:152)
	at org.eclipse.ui.internal.Workbench.lambda$3(Workbench.java:639)
	at org.eclipse.core.databinding.observable.Realm.runWithDefault(Realm.java:339)
	at org.eclipse.ui.internal.Workbench.createAndRunWorkbench(Workbench.java:546)
	at org.eclipse.ui.PlatformUI.createAndRunWorkbench(PlatformUI.java:173)
	at org.jkiss.dbeaver.ui.app.standalone.DBeaverApplication.start(DBeaverApplication.java:291)
	at org.eclipse.equinox.internal.app.EclipseAppHandle.run(EclipseAppHandle.java:208)
	at org.eclipse.core.runtime.internal.adaptor.EclipseAppLauncher.runApplication(EclipseAppLauncher.java:143)
	at org.eclipse.core.runtime.internal.adaptor.EclipseAppLauncher.start(EclipseAppLauncher.java:109)
	at org.eclipse.core.runtime.adaptor.EclipseStarter.run(EclipseStarter.java:439)
	at org.eclipse.core.runtime.adaptor.EclipseStarter.run(EclipseStarter.java:271)
	at java.base/jdk.internal.reflect.NativeMethodAccessorImpl.invoke0(Native Method)
	at java.base/jdk.internal.reflect.NativeMethodAccessorImpl.invoke(Unknown Source)
	at java.base/jdk.internal.reflect.DelegatingMethodAccessorImpl.invoke(Unknown Source)
	at java.base/java.lang.reflect.Method.invoke(Unknown Source)
	at org.jkiss.dbeaver.launcher.DBeaverLauncher.invokeFramework(DBeaverLauncher.java:648)
	at org.jkiss.dbeaver.launcher.DBeaverLauncher.basicRun(DBeaverLauncher.java:608)
	at org.jkiss.dbeaver.launcher.DBeaverLauncher.run(DBeaverLauncher.java:1459)
2024-08-14 16:22:43.390 - Event loop exception
java.lang.IllegalArgumentException: Index out of bounds
	at org.eclipse.swt.SWT.error(SWT.java:4903)
	at org.eclipse.swt.SWT.error(SWT.java:4837)
	at org.eclipse.swt.SWT.error(SWT.java:4808)
	at org.eclipse.swt.custom.StyledText.getTextBounds(StyledText.java:4887)
	at org.jkiss.dbeaver.ui.editors.sql.util.SQLAnnotationHover$LinkListInformationControl.setVisible(SQLAnnotationHover.java:274)
	at org.eclipse.jface.text.AbstractInformationControlManager.showInformationControl(AbstractInformationControlManager.java:1240)
	at org.eclipse.jface.text.source.AnnotationBarHoverManager.showInformationControl(AnnotationBarHoverManager.java:353)
	at org.eclipse.jface.text.AbstractInformationControlManager.internalShowInformationControl(AbstractInformationControlManager.java:1191)
	at org.eclipse.jface.text.AbstractInformationControlManager.presentInformation(AbstractInformationControlManager.java:1120)
	at org.eclipse.jface.text.AbstractHoverInformationControlManager.presentInformation(AbstractHoverInformationControlManager.java:884)
	at org.eclipse.jface.text.AbstractInformationControlManager.setInformation(AbstractInformationControlManager.java:431)
	at org.eclipse.jface.text.source.AnnotationBarHoverManager.computeInformation(AnnotationBarHoverManager.java:340)
	at org.eclipse.jface.text.AbstractInformationControlManager.doShowInformation(AbstractInformationControlManager.java:1101)
	at org.eclipse.jface.text.AbstractHoverInformationControlManager$MouseTracker.mouseHover(AbstractHoverInformationControlManager.java:511)
	at org.eclipse.swt.widgets.TypedListener.handleEvent(TypedListener.java:225)
	at org.eclipse.swt.widgets.EventTable.sendEvent(EventTable.java:91)
	at org.eclipse.swt.widgets.Display.sendEvent(Display.java:4285)
	at org.eclipse.swt.widgets.Widget.sendEvent(Widget.java:1160)
	at org.eclipse.swt.widgets.Display.runDeferredEvents(Display.java:4083)
	at org.eclipse.swt.widgets.Display.readAndDispatch(Display.java:3673)
	at org.eclipse.e4.ui.internal.workbench.swt.PartRenderingEngine$5.run(PartRenderingEngine.java:1151)
	at org.eclipse.core.databinding.observable.Realm.runWithDefault(Realm.java:339)
	at org.eclipse.e4.ui.internal.workbench.swt.PartRenderingEngine.run(PartRenderingEngine.java:1042)
	at org.eclipse.e4.ui.internal.workbench.E4Workbench.createAndRunUI(E4Workbench.java:152)
	at org.eclipse.ui.internal.Workbench.lambda$3(Workbench.java:639)
	at org.eclipse.core.databinding.observable.Realm.runWithDefault(Realm.java:339)
	at org.eclipse.ui.internal.Workbench.createAndRunWorkbench(Workbench.java:546)
	at org.eclipse.ui.PlatformUI.createAndRunWorkbench(PlatformUI.java:173)
	at org.jkiss.dbeaver.ui.app.standalone.DBeaverApplication.start(DBeaverApplication.java:291)
	at org.eclipse.equinox.internal.app.EclipseAppHandle.run(EclipseAppHandle.java:208)
	at org.eclipse.core.runtime.internal.adaptor.EclipseAppLauncher.runApplication(EclipseAppLauncher.java:143)
	at org.eclipse.core.runtime.internal.adaptor.EclipseAppLauncher.start(EclipseAppLauncher.java:109)
	at org.eclipse.core.runtime.adaptor.EclipseStarter.run(EclipseStarter.java:439)
	at org.eclipse.core.runtime.adaptor.EclipseStarter.run(EclipseStarter.java:271)
	at java.base/jdk.internal.reflect.NativeMethodAccessorImpl.invoke0(Native Method)
	at java.base/jdk.internal.reflect.NativeMethodAccessorImpl.invoke(Unknown Source)
	at java.base/jdk.internal.reflect.DelegatingMethodAccessorImpl.invoke(Unknown Source)
	at java.base/java.lang.reflect.Method.invoke(Unknown Source)
	at org.jkiss.dbeaver.launcher.DBeaverLauncher.invokeFramework(DBeaverLauncher.java:648)
	at org.jkiss.dbeaver.launcher.DBeaverLauncher.basicRun(DBeaverLauncher.java:608)
	at org.jkiss.dbeaver.launcher.DBeaverLauncher.run(DBeaverLauncher.java:1459)
2024-08-14 16:22:44.024 - Event loop exception
java.lang.IllegalArgumentException: Index out of bounds
	at org.eclipse.swt.SWT.error(SWT.java:4903)
	at org.eclipse.swt.SWT.error(SWT.java:4837)
	at org.eclipse.swt.SWT.error(SWT.java:4808)
	at org.eclipse.swt.custom.StyledText.getTextBounds(StyledText.java:4887)
	at org.jkiss.dbeaver.ui.editors.sql.util.SQLAnnotationHover$LinkListInformationControl.setVisible(SQLAnnotationHover.java:274)
	at org.eclipse.jface.text.AbstractInformationControlManager.showInformationControl(AbstractInformationControlManager.java:1240)
	at org.eclipse.jface.text.source.AnnotationBarHoverManager.showInformationControl(AnnotationBarHoverManager.java:353)
	at org.eclipse.jface.text.AbstractInformationControlManager.internalShowInformationControl(AbstractInformationControlManager.java:1191)
	at org.eclipse.jface.text.AbstractInformationControlManager.presentInformation(AbstractInformationControlManager.java:1120)
	at org.eclipse.jface.text.AbstractHoverInformationControlManager.presentInformation(AbstractHoverInformationControlManager.java:884)
	at org.eclipse.jface.text.AbstractInformationControlManager.setInformation(AbstractInformationControlManager.java:431)
	at org.eclipse.jface.text.source.AnnotationBarHoverManager.computeInformation(AnnotationBarHoverManager.java:340)
	at org.eclipse.jface.text.AbstractInformationControlManager.doShowInformation(AbstractInformationControlManager.java:1101)
	at org.eclipse.jface.text.AbstractHoverInformationControlManager$MouseTracker.mouseHover(AbstractHoverInformationControlManager.java:511)
	at org.eclipse.swt.widgets.TypedListener.handleEvent(TypedListener.java:225)
	at org.eclipse.swt.widgets.EventTable.sendEvent(EventTable.java:91)
	at org.eclipse.swt.widgets.Display.sendEvent(Display.java:4285)
	at org.eclipse.swt.widgets.Widget.sendEvent(Widget.java:1160)
	at org.eclipse.swt.widgets.Display.runDeferredEvents(Display.java:4083)
	at org.eclipse.swt.widgets.Display.readAndDispatch(Display.java:3673)
	at org.eclipse.e4.ui.internal.workbench.swt.PartRenderingEngine$5.run(PartRenderingEngine.java:1151)
	at org.eclipse.core.databinding.observable.Realm.runWithDefault(Realm.java:339)
	at org.eclipse.e4.ui.internal.workbench.swt.PartRenderingEngine.run(PartRenderingEngine.java:1042)
	at org.eclipse.e4.ui.internal.workbench.E4Workbench.createAndRunUI(E4Workbench.java:152)
	at org.eclipse.ui.internal.Workbench.lambda$3(Workbench.java:639)
	at org.eclipse.core.databinding.observable.Realm.runWithDefault(Realm.java:339)
	at org.eclipse.ui.internal.Workbench.createAndRunWorkbench(Workbench.java:546)
	at org.eclipse.ui.PlatformUI.createAndRunWorkbench(PlatformUI.java:173)
	at org.jkiss.dbeaver.ui.app.standalone.DBeaverApplication.start(DBeaverApplication.java:291)
	at org.eclipse.equinox.internal.app.EclipseAppHandle.run(EclipseAppHandle.java:208)
	at org.eclipse.core.runtime.internal.adaptor.EclipseAppLauncher.runApplication(EclipseAppLauncher.java:143)
	at org.eclipse.core.runtime.internal.adaptor.EclipseAppLauncher.start(EclipseAppLauncher.java:109)
	at org.eclipse.core.runtime.adaptor.EclipseStarter.run(EclipseStarter.java:439)
	at org.eclipse.core.runtime.adaptor.EclipseStarter.run(EclipseStarter.java:271)
	at java.base/jdk.internal.reflect.NativeMethodAccessorImpl.invoke0(Native Method)
	at java.base/jdk.internal.reflect.NativeMethodAccessorImpl.invoke(Unknown Source)
	at java.base/jdk.internal.reflect.DelegatingMethodAccessorImpl.invoke(Unknown Source)
	at java.base/java.lang.reflect.Method.invoke(Unknown Source)
	at org.jkiss.dbeaver.launcher.DBeaverLauncher.invokeFramework(DBeaverLauncher.java:648)
	at org.jkiss.dbeaver.launcher.DBeaverLauncher.basicRun(DBeaverLauncher.java:608)
	at org.jkiss.dbeaver.launcher.DBeaverLauncher.run(DBeaverLauncher.java:1459)
2024-08-14 16:22:45.708 - Event loop exception
java.lang.IllegalArgumentException: Index out of bounds
	at org.eclipse.swt.SWT.error(SWT.java:4903)
	at org.eclipse.swt.SWT.error(SWT.java:4837)
	at org.eclipse.swt.SWT.error(SWT.java:4808)
	at org.eclipse.swt.custom.StyledText.getTextBounds(StyledText.java:4887)
	at org.jkiss.dbeaver.ui.editors.sql.util.SQLAnnotationHover$LinkListInformationControl.setVisible(SQLAnnotationHover.java:274)
	at org.eclipse.jface.text.AbstractInformationControlManager.showInformationControl(AbstractInformationControlManager.java:1240)
	at org.eclipse.jface.text.source.AnnotationBarHoverManager.showInformationControl(AnnotationBarHoverManager.java:353)
	at org.eclipse.jface.text.AbstractInformationControlManager.internalShowInformationControl(AbstractInformationControlManager.java:1191)
	at org.eclipse.jface.text.AbstractInformationControlManager.presentInformation(AbstractInformationControlManager.java:1120)
	at org.eclipse.jface.text.AbstractHoverInformationControlManager.presentInformation(AbstractHoverInformationControlManager.java:884)
	at org.eclipse.jface.text.AbstractInformationControlManager.setInformation(AbstractInformationControlManager.java:431)
	at org.eclipse.jface.text.source.AnnotationBarHoverManager.computeInformation(AnnotationBarHoverManager.java:340)
	at org.eclipse.jface.text.AbstractInformationControlManager.doShowInformation(AbstractInformationControlManager.java:1101)
	at org.eclipse.jface.text.AbstractHoverInformationControlManager$MouseTracker.mouseHover(AbstractHoverInformationControlManager.java:511)
	at org.eclipse.swt.widgets.TypedListener.handleEvent(TypedListener.java:225)
	at org.eclipse.swt.widgets.EventTable.sendEvent(EventTable.java:91)
	at org.eclipse.swt.widgets.Display.sendEvent(Display.java:4285)
	at org.eclipse.swt.widgets.Widget.sendEvent(Widget.java:1160)
	at org.eclipse.swt.widgets.Display.runDeferredEvents(Display.java:4083)
	at org.eclipse.swt.widgets.Display.readAndDispatch(Display.java:3673)
	at org.eclipse.e4.ui.internal.workbench.swt.PartRenderingEngine$5.run(PartRenderingEngine.java:1151)
	at org.eclipse.core.databinding.observable.Realm.runWithDefault(Realm.java:339)
	at org.eclipse.e4.ui.internal.workbench.swt.PartRenderingEngine.run(PartRenderingEngine.java:1042)
	at org.eclipse.e4.ui.internal.workbench.E4Workbench.createAndRunUI(E4Workbench.java:152)
	at org.eclipse.ui.internal.Workbench.lambda$3(Workbench.java:639)
	at org.eclipse.core.databinding.observable.Realm.runWithDefault(Realm.java:339)
	at org.eclipse.ui.internal.Workbench.createAndRunWorkbench(Workbench.java:546)
	at org.eclipse.ui.PlatformUI.createAndRunWorkbench(PlatformUI.java:173)
	at org.jkiss.dbeaver.ui.app.standalone.DBeaverApplication.start(DBeaverApplication.java:291)
	at org.eclipse.equinox.internal.app.EclipseAppHandle.run(EclipseAppHandle.java:208)
	at org.eclipse.core.runtime.internal.adaptor.EclipseAppLauncher.runApplication(EclipseAppLauncher.java:143)
	at org.eclipse.core.runtime.internal.adaptor.EclipseAppLauncher.start(EclipseAppLauncher.java:109)
	at org.eclipse.core.runtime.adaptor.EclipseStarter.run(EclipseStarter.java:439)
	at org.eclipse.core.runtime.adaptor.EclipseStarter.run(EclipseStarter.java:271)
	at java.base/jdk.internal.reflect.NativeMethodAccessorImpl.invoke0(Native Method)
	at java.base/jdk.internal.reflect.NativeMethodAccessorImpl.invoke(Unknown Source)
	at java.base/jdk.internal.reflect.DelegatingMethodAccessorImpl.invoke(Unknown Source)
	at java.base/java.lang.reflect.Method.invoke(Unknown Source)
	at org.jkiss.dbeaver.launcher.DBeaverLauncher.invokeFramework(DBeaverLauncher.java:648)
	at org.jkiss.dbeaver.launcher.DBeaverLauncher.basicRun(DBeaverLauncher.java:608)
	at org.jkiss.dbeaver.launcher.DBeaverLauncher.run(DBeaverLauncher.java:1459)
2024-08-14 16:23:12.869 - Execution context closed (KH_LHH(KH1234), 2)
2024-08-14 16:23:13.009 - DBeaver is stopping
2024-08-14 16:23:13.009 - Stop instance server
2024-08-14 16:23:14.012 - Instance server has been stopped
2024-08-14 16:23:14.012 - DBeaver shutdown completed
